#
# There is insufficient memory for the Java Runtime Environment to continue.
# Native memory allocation (malloc) failed to allocate 1886096 bytes. Error detail: Chunk::new
# Possible reasons:
#   The system is out of physical RAM or swap space
#   This process is running with CompressedOops enabled, and the Java Heap may be blocking the growth of the native heap
# Possible solutions:
#   Reduce memory load on the system
#   Increase physical memory or swap space
#   Check if swap backing store is full
#   Decrease Java heap size (-Xmx/-Xms)
#   Decrease number of Java threads
#   Decrease Java thread stack sizes (-Xss)
#   Set larger code cache with -XX:ReservedCodeCacheSize=
#   JVM is running with Unscaled Compressed Oops mode in which the Java heap is
#     placed in the first 4GB address space. The Java Heap base address is the
#     maximum limit for the native heap growth. Please use -XX:HeapBaseMinAddress
#     to set the Java Heap base and to place the Java Heap above 4GB virtual address.
# This output file may be truncated or incomplete.
#
#  Out of Memory Error (arena.cpp:168), pid=11984, tid=336
#
# JRE version: OpenJDK Runtime Environment Temurin-21.0.6+7 (21.0.6+7) (build 21.0.6+7-LTS)
# Java VM: OpenJDK 64-Bit Server VM Temurin-21.0.6+7 (21.0.6+7-LTS, mixed mode, sharing, tiered, compressed oops, compressed class ptrs, parallel gc, windows-amd64)
# No core dump will be written. Minidumps are not enabled by default on client versions of Windows
#

---------------  S U M M A R Y ------------

Command Line: --add-modules=ALL-SYSTEM --add-opens=java.base/java.util=ALL-UNNAMED --add-opens=java.base/java.lang=ALL-UNNAMED --add-opens=java.base/sun.nio.fs=ALL-UNNAMED -Declipse.application=org.eclipse.jdt.ls.core.id1 -Dosgi.bundles.defaultStartLevel=4 -Declipse.product=org.eclipse.jdt.ls.core.product -Djava.import.generatesMetadataFilesAtProjectRoot=false -DDetectVMInstallationsJob.disabled=true -Dfile.encoding=utf8 -XX:+UseParallelGC -XX:GCTimeRatio=4 -XX:AdaptiveSizePolicyWeight=90 -Dsun.zip.disableMemoryMapping=true -Xmx1G -Xms100m -Xlog:disable -javaagent:c:\Users\yirab\.vscode\extensions\redhat.java-1.41.1-win32-x64\lombok\lombok-1.18.36.jar -XX:+HeapDumpOnOutOfMemoryError -XX:HeapDumpPath=c:\Users\yirab\AppData\Roaming\Code\User\workspaceStorage\7dff5121b9d34c13ecd902b49b7771fb\redhat.java -Daether.dependencyCollector.impl=bf c:\Users\yirab\.vscode\extensions\redhat.java-1.41.1-win32-x64\server\plugins\org.eclipse.equinox.launcher_1.7.0.v20250331-1702.jar -configuration c:\Users\yirab\AppData\Roaming\Code\User\globalStorage\redhat.java\1.41.1\config_win -data c:\Users\yirab\AppData\Roaming\Code\User\workspaceStorage\7dff5121b9d34c13ecd902b49b7771fb\redhat.java\jdt_ws --pipe=\\.\pipe\lsp-53d870d37d8ddbf1ad7764a3f348a5e3-sock

Host: Intel(R) Celeron(R) N4020 CPU @ 1.10GHz, 2 cores, 3G,  Windows 11 , 64 bit Build 22000 (10.0.22000.2538)
Time: Tue Apr  8 18:14:22 2025 Hora est. Pacífico, Sudamérica elapsed time: 106.853301 seconds (0d 0h 1m 46s)

---------------  T H R E A D  ---------------

Current thread (0x00000217faecf100):  JavaThread "C2 CompilerThread0" daemon [_thread_in_native, id=336, stack(0x0000008530d00000,0x0000008530e00000) (1024K)]


Current CompileTask:
C2:106853 7523   !   4       org.eclipse.jdt.internal.compiler.classfmt.ClassFileReader::<init> (2135 bytes)

Stack: [0x0000008530d00000,0x0000008530e00000]
Native frames: (J=compiled Java code, j=interpreted, Vv=VM code, C=native code)
V  [jvm.dll+0x6cdee9]
V  [jvm.dll+0x8a83d1]
V  [jvm.dll+0x8aa8fe]
V  [jvm.dll+0x8aafe3]
V  [jvm.dll+0x27f706]
V  [jvm.dll+0xc500d]
V  [jvm.dll+0xc5543]
V  [jvm.dll+0x3b6752]
V  [jvm.dll+0x382935]
V  [jvm.dll+0x381d9a]
V  [jvm.dll+0x2479f0]
V  [jvm.dll+0x246fcf]
V  [jvm.dll+0x1c75ee]
V  [jvm.dll+0x25685a]
V  [jvm.dll+0x254dfa]
V  [jvm.dll+0x3f0256]
V  [jvm.dll+0x851f8b]
V  [jvm.dll+0x6cc5ed]
C  [ucrtbase.dll+0x26c0c]
C  [KERNEL32.DLL+0x153e0]
C  [ntdll.dll+0x485b]


---------------  P R O C E S S  ---------------

Threads class SMR info:
_java_thread_list=0x00000217c7d26810, length=35, elements={
0x00000217e6be0e40, 0x00000217faec53f0, 0x00000217faec6b50, 0x00000217faec9e40,
0x00000217faecab50, 0x00000217faecc870, 0x00000217faece2d0, 0x00000217faecf100,
0x00000217faf3f410, 0x00000217fafa8780, 0x00000217c521f7a0, 0x00000217c537d730,
0x00000217c50a3200, 0x00000217c5675c60, 0x00000217c51c3350, 0x00000217c5ea5930,
0x00000217c60a2700, 0x00000217c6038ad0, 0x00000217c6037090, 0x00000217c6037720,
0x00000217c603a510, 0x00000217c6038440, 0x00000217c6037db0, 0x00000217c6039160,
0x00000217c6039e80, 0x00000217c76f7420, 0x00000217c76f6070, 0x00000217c76f7ab0,
0x00000217c76f6d90, 0x00000217c76f6700, 0x00000217c76f8140, 0x00000217c76f87d0,
0x00000217c76f8e60, 0x00000217c78a7550, 0x00000217c78a7be0
}

Java Threads: ( => current thread )
  0x00000217e6be0e40 JavaThread "main"                              [_thread_blocked, id=4184, stack(0x0000008530200000,0x0000008530300000) (1024K)]
  0x00000217faec53f0 JavaThread "Reference Handler"          daemon [_thread_blocked, id=7408, stack(0x0000008530700000,0x0000008530800000) (1024K)]
  0x00000217faec6b50 JavaThread "Finalizer"                  daemon [_thread_blocked, id=8428, stack(0x0000008530800000,0x0000008530900000) (1024K)]
  0x00000217faec9e40 JavaThread "Signal Dispatcher"          daemon [_thread_blocked, id=2640, stack(0x0000008530900000,0x0000008530a00000) (1024K)]
  0x00000217faecab50 JavaThread "Attach Listener"            daemon [_thread_blocked, id=6772, stack(0x0000008530a00000,0x0000008530b00000) (1024K)]
  0x00000217faecc870 JavaThread "Service Thread"             daemon [_thread_blocked, id=9220, stack(0x0000008530b00000,0x0000008530c00000) (1024K)]
  0x00000217faece2d0 JavaThread "Monitor Deflation Thread"   daemon [_thread_blocked, id=8128, stack(0x0000008530c00000,0x0000008530d00000) (1024K)]
=>0x00000217faecf100 JavaThread "C2 CompilerThread0"         daemon [_thread_in_native, id=336, stack(0x0000008530d00000,0x0000008530e00000) (1024K)]
  0x00000217faf3f410 JavaThread "C1 CompilerThread0"         daemon [_thread_blocked, id=9140, stack(0x0000008530e00000,0x0000008530f00000) (1024K)]
  0x00000217fafa8780 JavaThread "Common-Cleaner"             daemon [_thread_blocked, id=720, stack(0x0000008530f00000,0x0000008531000000) (1024K)]
  0x00000217c521f7a0 JavaThread "Notification Thread"        daemon [_thread_blocked, id=11564, stack(0x0000008531000000,0x0000008531100000) (1024K)]
  0x00000217c537d730 JavaThread "Active Thread: Equinox Container: a1876e0b-7408-4f69-8e9d-d5cf4a6dd50a"        [_thread_blocked, id=3200, stack(0x0000008531200000,0x0000008531300000) (1024K)]
  0x00000217c50a3200 JavaThread "Refresh Thread: Equinox Container: a1876e0b-7408-4f69-8e9d-d5cf4a6dd50a" daemon [_thread_blocked, id=9884, stack(0x0000008531300000,0x0000008531400000) (1024K)]
  0x00000217c5675c60 JavaThread "Framework Event Dispatcher: Equinox Container: a1876e0b-7408-4f69-8e9d-d5cf4a6dd50a" daemon [_thread_blocked, id=9676, stack(0x0000008531400000,0x0000008531500000) (1024K)]
  0x00000217c51c3350 JavaThread "Start Level: Equinox Container: a1876e0b-7408-4f69-8e9d-d5cf4a6dd50a" daemon [_thread_blocked, id=1904, stack(0x0000008531500000,0x0000008531600000) (1024K)]
  0x00000217c5ea5930 JavaThread "Bundle File Closer"         daemon [_thread_blocked, id=11784, stack(0x0000008531600000,0x0000008531700000) (1024K)]
  0x00000217c60a2700 JavaThread "SCR Component Actor"        daemon [_thread_blocked, id=9224, stack(0x0000008531700000,0x0000008531800000) (1024K)]
  0x00000217c6038ad0 JavaThread "Worker-JM"                         [_thread_blocked, id=3724, stack(0x0000008531900000,0x0000008531a00000) (1024K)]
  0x00000217c6037090 JavaThread "JNA Cleaner"                daemon [_thread_blocked, id=9264, stack(0x0000008531a00000,0x0000008531b00000) (1024K)]
  0x00000217c6037720 JavaThread "Worker-0"                          [_thread_blocked, id=1948, stack(0x0000008531800000,0x0000008531900000) (1024K)]
  0x00000217c603a510 JavaThread "Worker-1"                          [_thread_blocked, id=12600, stack(0x0000008531b00000,0x0000008531c00000) (1024K)]
  0x00000217c6038440 JavaThread "Worker-2: Java indexing... "        [_thread_blocked, id=3416, stack(0x0000008531d00000,0x0000008531e00000) (1024K)]
  0x00000217c6037db0 JavaThread "Java indexing"              daemon [_thread_in_native, id=8352, stack(0x0000008531c00000,0x0000008531d00000) (1024K)]
  0x00000217c6039160 JavaThread "Worker-3"                          [_thread_blocked, id=10560, stack(0x0000008531e00000,0x0000008531f00000) (1024K)]
  0x00000217c6039e80 JavaThread "Worker-4"                          [_thread_blocked, id=9664, stack(0x0000008531f00000,0x0000008532000000) (1024K)]
  0x00000217c76f7420 JavaThread "Thread-4"                   daemon [_thread_in_native, id=2540, stack(0x0000008532000000,0x0000008532100000) (1024K)]
  0x00000217c76f6070 JavaThread "Thread-5"                   daemon [_thread_in_native, id=7696, stack(0x0000008532100000,0x0000008532200000) (1024K)]
  0x00000217c76f7ab0 JavaThread "Thread-6"                   daemon [_thread_in_native, id=5072, stack(0x0000008532200000,0x0000008532300000) (1024K)]
  0x00000217c76f6d90 JavaThread "pool-2-thread-1"                   [_thread_blocked, id=10636, stack(0x0000008532300000,0x0000008532400000) (1024K)]
  0x00000217c76f6700 JavaThread "WorkspaceEventsHandler"            [_thread_blocked, id=12568, stack(0x0000008532400000,0x0000008532500000) (1024K)]
  0x00000217c76f8140 JavaThread "pool-1-thread-1"                   [_thread_blocked, id=5812, stack(0x0000008532500000,0x0000008532600000) (1024K)]
  0x00000217c76f87d0 JavaThread "Worker-5"                          [_thread_blocked, id=12624, stack(0x0000008532600000,0x0000008532700000) (1024K)]
  0x00000217c76f8e60 JavaThread "Worker-6: Building"                [_thread_in_native, id=2664, stack(0x0000008532700000,0x0000008532800000) (1024K)]
  0x00000217c78a7550 JavaThread "Equinox resolver thread - Equinox Container: a1876e0b-7408-4f69-8e9d-d5cf4a6dd50a" daemon [_thread_new, id=7792, stack(0x0000000000000000,0x0000000000000000) (0B)]
  0x00000217c78a7be0 JavaThread "Equinox resolver thread - Equinox Container: a1876e0b-7408-4f69-8e9d-d5cf4a6dd50a" daemon [_thread_new, id=9680, stack(0x0000000000000000,0x0000000000000000) (0B)]
Total: 35

Other Threads:
  0x00000217e6c990e0 VMThread "VM Thread"                           [id=5700, stack(0x0000008530600000,0x0000008530700000) (1024K)]
  0x00000217e6c4b6e0 WatcherThread "VM Periodic Task Thread"        [id=10808, stack(0x0000008530500000,0x0000008530600000) (1024K)]
  0x00000217e6bff300 WorkerThread "GC Thread#0"                     [id=12860, stack(0x0000008530400000,0x0000008530500000) (1024K)]
  0x00000217c54892a0 WorkerThread "GC Thread#1"                     [id=1564, stack(0x0000008531100000,0x0000008531200000) (1024K)]
Total: 4

Threads with active compile tasks:
C2 CompilerThread0  106913 7523   !   4       org.eclipse.jdt.internal.compiler.classfmt.ClassFileReader::<init> (2135 bytes)
Total: 1

VM state: not at safepoint (normal execution)

VM Mutex/Monitor currently owned by a thread: None

Heap address: 0x00000000c0000000, size: 1024 MB, Compressed Oops mode: 32-bit

CDS archive(s) mapped at: [0x0000021780000000-0x0000021780ba0000-0x0000021780ba0000), size 12189696, SharedBaseAddress: 0x0000021780000000, ArchiveRelocationMode: 1.
Compressed class space mapped at: 0x0000021781000000-0x00000217c1000000, reserved size: 1073741824
Narrow klass base: 0x0000021780000000, Narrow klass shift: 0, Narrow klass range: 0x100000000

GC Precious Log:
 CardTable entry size: 512
 CPUs: 2 total, 2 available
 Memory: 3911M
 Large Page Support: Disabled
 NUMA Support: Disabled
 Compressed Oops: Enabled (32-bit)
 Alignments: Space 512K, Generation 512K, Heap 2M
 Heap Min Capacity: 100M
 Heap Initial Capacity: 100M
 Heap Max Capacity: 1G
 Pre-touch: Disabled
 Parallel Workers: 2

Heap:
 PSYoungGen      total 20480K, used 6456K [0x00000000eab00000, 0x00000000ece00000, 0x0000000100000000)
  eden space 18432K, 24% used [0x00000000eab00000,0x00000000eaf559a8,0x00000000ebd00000)
  from space 2048K, 98% used [0x00000000ec400000,0x00000000ec5f8670,0x00000000ec600000)
  to   space 7168K, 0% used [0x00000000ebd00000,0x00000000ebd00000,0x00000000ec400000)
 ParOldGen       total 68608K, used 40848K [0x00000000c0000000, 0x00000000c4300000, 0x00000000eab00000)
  object space 68608K, 59% used [0x00000000c0000000,0x00000000c27e40e0,0x00000000c4300000)
 Metaspace       used 48312K, committed 49536K, reserved 1114112K
  class space    used 5055K, committed 5568K, reserved 1048576K

Card table byte_map: [0x00000217e65b0000,0x00000217e67c0000] _byte_map_base: 0x00000217e5fb0000

Marking Bits: (ParMarkBitMap*) 0x00007ffc2f893260
 Begin Bits: [0x00000217f8de0000, 0x00000217f9de0000)
 End Bits:   [0x00000217f9de0000, 0x00000217fade0000)

Polling page: 0x00000217e4ac0000

Metaspace:

Usage:
  Non-class:     42.24 MB used.
      Class:      4.94 MB used.
       Both:     47.18 MB used.

Virtual space:
  Non-class space:       64.00 MB reserved,      42.94 MB ( 67%) committed,  1 nodes.
      Class space:        1.00 GB reserved,       5.44 MB ( <1%) committed,  1 nodes.
             Both:        1.06 GB reserved,      48.38 MB (  4%) committed. 

Chunk freelists:
   Non-Class:  4.91 MB
       Class:  10.38 MB
        Both:  15.28 MB

MaxMetaspaceSize: unlimited
CompressedClassSpaceSize: 1.00 GB
Initial GC threshold: 21.00 MB
Current GC threshold: 58.38 MB
CDS: on
 - commit_granule_bytes: 65536.
 - commit_granule_words: 8192.
 - virtual_space_node_default_size: 8388608.
 - enlarge_chunks_in_place: 1.
 - use_allocation_guard: 0.


Internal statistics:

num_allocs_failed_limit: 6.
num_arena_births: 980.
num_arena_deaths: 14.
num_vsnodes_births: 2.
num_vsnodes_deaths: 0.
num_space_committed: 774.
num_space_uncommitted: 0.
num_chunks_returned_to_freelist: 20.
num_chunks_taken_from_freelist: 3172.
num_chunk_merges: 12.
num_chunk_splits: 1963.
num_chunks_enlarged: 1109.
num_inconsistent_stats: 0.

CodeHeap 'non-profiled nmethods': size=120064Kb used=3967Kb max_used=3967Kb free=116096Kb
 bounds [0x00000217f18a0000, 0x00000217f1c80000, 0x00000217f8de0000]
CodeHeap 'profiled nmethods': size=120000Kb used=14688Kb max_used=14688Kb free=105311Kb
 bounds [0x00000217e9de0000, 0x00000217eac40000, 0x00000217f1310000]
CodeHeap 'non-nmethods': size=5696Kb used=1378Kb max_used=1425Kb free=4317Kb
 bounds [0x00000217f1310000, 0x00000217f1580000, 0x00000217f18a0000]
 total_blobs=7528 nmethods=6845 adapters=590
 compilation: enabled
              stopped_count=0, restarted_count=0
 full_count=0

Compilation events (20 events):
Event: 106.537 Thread 0x00000217faf3f410 7535       3       java.nio.file.Files::read (103 bytes)
Event: 106.537 Thread 0x00000217faf3f410 nmethod 7535 0x00000217eac31610 code [0x00000217eac31860, 0x00000217eac320d0]
Event: 106.537 Thread 0x00000217faf3f410 7537       3       org.eclipse.osgi.container.ModuleRevision$1::copyUnmodifiableMap (68 bytes)
Event: 106.538 Thread 0x00000217faf3f410 nmethod 7537 0x00000217eac32410 code [0x00000217eac326c0, 0x00000217eac33570]
Event: 106.546 Thread 0x00000217faf3f410 7539       3       java.lang.StringBuilder::getChars (10 bytes)
Event: 106.547 Thread 0x00000217faf3f410 nmethod 7539 0x00000217eac33990 code [0x00000217eac33b40, 0x00000217eac33c80]
Event: 106.547 Thread 0x00000217faf3f410 7540   !   3       org.eclipse.jdt.internal.compiler.util.JRTUtil::safeReadBytes (46 bytes)
Event: 106.548 Thread 0x00000217faf3f410 nmethod 7540 0x00000217eac33d10 code [0x00000217eac33f60, 0x00000217eac34308]
Event: 106.553 Thread 0x00000217faf3f410 7541       3       org.eclipse.jdt.core.compiler.CharOperation::concat (71 bytes)
Event: 106.553 Thread 0x00000217faf3f410 nmethod 7541 0x00000217eac34510 code [0x00000217eac34700, 0x00000217eac34b80]
Event: 106.641 Thread 0x00000217faf3f410 7542   !   3       java.util.zip.ZipFile$CleanableResource::run (251 bytes)
Event: 106.642 Thread 0x00000217faf3f410 nmethod 7542 0x00000217eac34d10 code [0x00000217eac34fe0, 0x00000217eac36058]
Event: 106.642 Thread 0x00000217faf3f410 7543       3       java.util.Collections$SetFromMap::isEmpty (10 bytes)
Event: 106.642 Thread 0x00000217faf3f410 nmethod 7543 0x00000217eac36810 code [0x00000217eac369c0, 0x00000217eac36b98]
Event: 106.643 Thread 0x00000217faf3f410 7544   !   3       java.util.zip.ZipFile$Source::release (50 bytes)
Event: 106.643 Thread 0x00000217faf3f410 nmethod 7544 0x00000217eac36c90 code [0x00000217eac36e60, 0x00000217eac371e0]
Event: 106.730 Thread 0x00000217faf3f410 7545       3       org.eclipse.osgi.container.ModuleDatabase$1::apply (29 bytes)
Event: 106.731 Thread 0x00000217faf3f410 nmethod 7545 0x00000217eac37390 code [0x00000217eac375a0, 0x00000217eac37c40]
Event: 106.735 Thread 0x00000217faf3f410 7546       3       org.apache.felix.resolver.util.OpenHashMap::nextPowerOfTwo (53 bytes)
Event: 106.735 Thread 0x00000217faf3f410 nmethod 7546 0x00000217eac37f10 code [0x00000217eac380c0, 0x00000217eac38278]

GC Heap History (20 events):
Event: 84.256 GC heap before
{Heap before GC invocations=19 (full 2):
 PSYoungGen      total 24064K, used 23760K [0x00000000eab00000, 0x00000000ec700000, 0x0000000100000000)
  eden space 22016K, 100% used [0x00000000eab00000,0x00000000ec080000,0x00000000ec080000)
  from space 2048K, 85% used [0x00000000ec500000,0x00000000ec6b4120,0x00000000ec700000)
  to   space 2560K, 0% used [0x00000000ec200000,0x00000000ec200000,0x00000000ec480000)
 ParOldGen       total 68608K, used 20864K [0x00000000c0000000, 0x00000000c4300000, 0x00000000eab00000)
  object space 68608K, 30% used [0x00000000c0000000,0x00000000c1460078,0x00000000c4300000)
 Metaspace       used 43535K, committed 44736K, reserved 1114112K
  class space    used 4541K, committed 5056K, reserved 1048576K
}
Event: 84.267 GC heap after
{Heap after GC invocations=19 (full 2):
 PSYoungGen      total 24576K, used 2093K [0x00000000eab00000, 0x00000000ec580000, 0x0000000100000000)
  eden space 22016K, 0% used [0x00000000eab00000,0x00000000eab00000,0x00000000ec080000)
  from space 2560K, 81% used [0x00000000ec200000,0x00000000ec40b510,0x00000000ec480000)
  to   space 1024K, 0% used [0x00000000ec480000,0x00000000ec480000,0x00000000ec580000)
 ParOldGen       total 68608K, used 21564K [0x00000000c0000000, 0x00000000c4300000, 0x00000000eab00000)
  object space 68608K, 31% used [0x00000000c0000000,0x00000000c150f198,0x00000000c4300000)
 Metaspace       used 43535K, committed 44736K, reserved 1114112K
  class space    used 4541K, committed 5056K, reserved 1048576K
}
Event: 88.504 GC heap before
{Heap before GC invocations=20 (full 2):
 PSYoungGen      total 24576K, used 24109K [0x00000000eab00000, 0x00000000ec580000, 0x0000000100000000)
  eden space 22016K, 100% used [0x00000000eab00000,0x00000000ec080000,0x00000000ec080000)
  from space 2560K, 81% used [0x00000000ec200000,0x00000000ec40b510,0x00000000ec480000)
  to   space 1024K, 0% used [0x00000000ec480000,0x00000000ec480000,0x00000000ec580000)
 ParOldGen       total 68608K, used 21564K [0x00000000c0000000, 0x00000000c4300000, 0x00000000eab00000)
  object space 68608K, 31% used [0x00000000c0000000,0x00000000c150f198,0x00000000c4300000)
 Metaspace       used 44831K, committed 46016K, reserved 1114112K
  class space    used 4713K, committed 5248K, reserved 1048576K
}
Event: 88.528 GC heap after
{Heap after GC invocations=20 (full 2):
 PSYoungGen      total 22528K, used 992K [0x00000000eab00000, 0x00000000ec980000, 0x0000000100000000)
  eden space 21504K, 0% used [0x00000000eab00000,0x00000000eab00000,0x00000000ec000000)
  from space 1024K, 96% used [0x00000000ec480000,0x00000000ec578010,0x00000000ec580000)
  to   space 4608K, 0% used [0x00000000ec000000,0x00000000ec000000,0x00000000ec480000)
 ParOldGen       total 68608K, used 24506K [0x00000000c0000000, 0x00000000c4300000, 0x00000000eab00000)
  object space 68608K, 35% used [0x00000000c0000000,0x00000000c17ee868,0x00000000c4300000)
 Metaspace       used 44831K, committed 46016K, reserved 1114112K
  class space    used 4713K, committed 5248K, reserved 1048576K
}
Event: 89.196 GC heap before
{Heap before GC invocations=21 (full 2):
 PSYoungGen      total 22528K, used 22496K [0x00000000eab00000, 0x00000000ec980000, 0x0000000100000000)
  eden space 21504K, 100% used [0x00000000eab00000,0x00000000ec000000,0x00000000ec000000)
  from space 1024K, 96% used [0x00000000ec480000,0x00000000ec578010,0x00000000ec580000)
  to   space 4608K, 0% used [0x00000000ec000000,0x00000000ec000000,0x00000000ec480000)
 ParOldGen       total 68608K, used 24506K [0x00000000c0000000, 0x00000000c4300000, 0x00000000eab00000)
  object space 68608K, 35% used [0x00000000c0000000,0x00000000c17ee868,0x00000000c4300000)
 Metaspace       used 45429K, committed 46656K, reserved 1114112K
  class space    used 4768K, committed 5312K, reserved 1048576K
}
Event: 89.206 GC heap after
{Heap after GC invocations=21 (full 2):
 PSYoungGen      total 23552K, used 1835K [0x00000000eab00000, 0x00000000ec600000, 0x0000000100000000)
  eden space 21504K, 0% used [0x00000000eab00000,0x00000000eab00000,0x00000000ec000000)
  from space 2048K, 89% used [0x00000000ec000000,0x00000000ec1cae40,0x00000000ec200000)
  to   space 3072K, 0% used [0x00000000ec300000,0x00000000ec300000,0x00000000ec600000)
 ParOldGen       total 68608K, used 25470K [0x00000000c0000000, 0x00000000c4300000, 0x00000000eab00000)
  object space 68608K, 37% used [0x00000000c0000000,0x00000000c18dfbc0,0x00000000c4300000)
 Metaspace       used 45429K, committed 46656K, reserved 1114112K
  class space    used 4768K, committed 5312K, reserved 1048576K
}
Event: 89.924 GC heap before
{Heap before GC invocations=22 (full 2):
 PSYoungGen      total 23552K, used 23339K [0x00000000eab00000, 0x00000000ec600000, 0x0000000100000000)
  eden space 21504K, 100% used [0x00000000eab00000,0x00000000ec000000,0x00000000ec000000)
  from space 2048K, 89% used [0x00000000ec000000,0x00000000ec1cae40,0x00000000ec200000)
  to   space 3072K, 0% used [0x00000000ec300000,0x00000000ec300000,0x00000000ec600000)
 ParOldGen       total 68608K, used 25470K [0x00000000c0000000, 0x00000000c4300000, 0x00000000eab00000)
  object space 68608K, 37% used [0x00000000c0000000,0x00000000c18dfbc0,0x00000000c4300000)
 Metaspace       used 46266K, committed 47552K, reserved 1114112K
  class space    used 4867K, committed 5440K, reserved 1048576K
}
Event: 89.935 GC heap after
{Heap after GC invocations=22 (full 2):
 PSYoungGen      total 24064K, used 2340K [0x00000000eab00000, 0x00000000ec580000, 0x0000000100000000)
  eden space 21504K, 0% used [0x00000000eab00000,0x00000000eab00000,0x00000000ec000000)
  from space 2560K, 91% used [0x00000000ec300000,0x00000000ec549260,0x00000000ec580000)
  to   space 2560K, 0% used [0x00000000ec080000,0x00000000ec080000,0x00000000ec300000)
 ParOldGen       total 68608K, used 27142K [0x00000000c0000000, 0x00000000c4300000, 0x00000000eab00000)
  object space 68608K, 39% used [0x00000000c0000000,0x00000000c1a81bc0,0x00000000c4300000)
 Metaspace       used 46266K, committed 47552K, reserved 1114112K
  class space    used 4867K, committed 5440K, reserved 1048576K
}
Event: 90.359 GC heap before
{Heap before GC invocations=23 (full 2):
 PSYoungGen      total 24064K, used 23844K [0x00000000eab00000, 0x00000000ec580000, 0x0000000100000000)
  eden space 21504K, 100% used [0x00000000eab00000,0x00000000ec000000,0x00000000ec000000)
  from space 2560K, 91% used [0x00000000ec300000,0x00000000ec549260,0x00000000ec580000)
  to   space 2560K, 0% used [0x00000000ec080000,0x00000000ec080000,0x00000000ec300000)
 ParOldGen       total 68608K, used 27142K [0x00000000c0000000, 0x00000000c4300000, 0x00000000eab00000)
  object space 68608K, 39% used [0x00000000c0000000,0x00000000c1a81bc0,0x00000000c4300000)
 Metaspace       used 46618K, committed 47808K, reserved 1114112K
  class space    used 4906K, committed 5440K, reserved 1048576K
}
Event: 90.378 GC heap after
{Heap after GC invocations=23 (full 2):
 PSYoungGen      total 23552K, used 2029K [0x00000000eab00000, 0x00000000ec500000, 0x0000000100000000)
  eden space 21504K, 0% used [0x00000000eab00000,0x00000000eab00000,0x00000000ec000000)
  from space 2048K, 99% used [0x00000000ec080000,0x00000000ec27b740,0x00000000ec280000)
  to   space 2560K, 0% used [0x00000000ec280000,0x00000000ec280000,0x00000000ec500000)
 ParOldGen       total 68608K, used 29310K [0x00000000c0000000, 0x00000000c4300000, 0x00000000eab00000)
  object space 68608K, 42% used [0x00000000c0000000,0x00000000c1c9fb98,0x00000000c4300000)
 Metaspace       used 46618K, committed 47808K, reserved 1114112K
  class space    used 4906K, committed 5440K, reserved 1048576K
}
Event: 90.672 GC heap before
{Heap before GC invocations=24 (full 2):
 PSYoungGen      total 23552K, used 23533K [0x00000000eab00000, 0x00000000ec500000, 0x0000000100000000)
  eden space 21504K, 100% used [0x00000000eab00000,0x00000000ec000000,0x00000000ec000000)
  from space 2048K, 99% used [0x00000000ec080000,0x00000000ec27b740,0x00000000ec280000)
  to   space 2560K, 0% used [0x00000000ec280000,0x00000000ec280000,0x00000000ec500000)
 ParOldGen       total 68608K, used 29310K [0x00000000c0000000, 0x00000000c4300000, 0x00000000eab00000)
  object space 68608K, 42% used [0x00000000c0000000,0x00000000c1c9fb98,0x00000000c4300000)
 Metaspace       used 46718K, committed 47936K, reserved 1114112K
  class space    used 4918K, committed 5440K, reserved 1048576K
}
Event: 90.682 GC heap after
{Heap after GC invocations=24 (full 2):
 PSYoungGen      total 23552K, used 1860K [0x00000000eab00000, 0x00000000ec480000, 0x0000000100000000)
  eden space 21504K, 0% used [0x00000000eab00000,0x00000000eab00000,0x00000000ec000000)
  from space 2048K, 90% used [0x00000000ec280000,0x00000000ec451000,0x00000000ec480000)
  to   space 2048K, 0% used [0x00000000ec080000,0x00000000ec080000,0x00000000ec280000)
 ParOldGen       total 68608K, used 31263K [0x00000000c0000000, 0x00000000c4300000, 0x00000000eab00000)
  object space 68608K, 45% used [0x00000000c0000000,0x00000000c1e87f28,0x00000000c4300000)
 Metaspace       used 46718K, committed 47936K, reserved 1114112K
  class space    used 4918K, committed 5440K, reserved 1048576K
}
Event: 90.845 GC heap before
{Heap before GC invocations=25 (full 2):
 PSYoungGen      total 23552K, used 23364K [0x00000000eab00000, 0x00000000ec480000, 0x0000000100000000)
  eden space 21504K, 100% used [0x00000000eab00000,0x00000000ec000000,0x00000000ec000000)
  from space 2048K, 90% used [0x00000000ec280000,0x00000000ec451000,0x00000000ec480000)
  to   space 2048K, 0% used [0x00000000ec080000,0x00000000ec080000,0x00000000ec280000)
 ParOldGen       total 68608K, used 31263K [0x00000000c0000000, 0x00000000c4300000, 0x00000000eab00000)
  object space 68608K, 45% used [0x00000000c0000000,0x00000000c1e87f28,0x00000000c4300000)
 Metaspace       used 46774K, committed 48000K, reserved 1114112K
  class space    used 4924K, committed 5440K, reserved 1048576K
}
Event: 90.856 GC heap after
{Heap after GC invocations=25 (full 2):
 PSYoungGen      total 23552K, used 2016K [0x00000000eab00000, 0x00000000ec900000, 0x0000000100000000)
  eden space 21504K, 0% used [0x00000000eab00000,0x00000000eab00000,0x00000000ec000000)
  from space 2048K, 98% used [0x00000000ec080000,0x00000000ec278010,0x00000000ec280000)
  to   space 4608K, 0% used [0x00000000ec480000,0x00000000ec480000,0x00000000ec900000)
 ParOldGen       total 68608K, used 33072K [0x00000000c0000000, 0x00000000c4300000, 0x00000000eab00000)
  object space 68608K, 48% used [0x00000000c0000000,0x00000000c204c028,0x00000000c4300000)
 Metaspace       used 46774K, committed 48000K, reserved 1114112K
  class space    used 4924K, committed 5440K, reserved 1048576K
}
Event: 91.202 GC heap before
{Heap before GC invocations=26 (full 2):
 PSYoungGen      total 23552K, used 23520K [0x00000000eab00000, 0x00000000ec900000, 0x0000000100000000)
  eden space 21504K, 100% used [0x00000000eab00000,0x00000000ec000000,0x00000000ec000000)
  from space 2048K, 98% used [0x00000000ec080000,0x00000000ec278010,0x00000000ec280000)
  to   space 4608K, 0% used [0x00000000ec480000,0x00000000ec480000,0x00000000ec900000)
 ParOldGen       total 68608K, used 33072K [0x00000000c0000000, 0x00000000c4300000, 0x00000000eab00000)
  object space 68608K, 48% used [0x00000000c0000000,0x00000000c204c028,0x00000000c4300000)
 Metaspace       used 46850K, committed 48128K, reserved 1114112K
  class space    used 4934K, committed 5504K, reserved 1048576K
}
Event: 91.214 GC heap after
{Heap after GC invocations=26 (full 2):
 PSYoungGen      total 23552K, used 1784K [0x00000000eab00000, 0x00000000ec680000, 0x0000000100000000)
  eden space 21504K, 0% used [0x00000000eab00000,0x00000000eab00000,0x00000000ec000000)
  from space 2048K, 87% used [0x00000000ec480000,0x00000000ec63e200,0x00000000ec680000)
  to   space 2560K, 0% used [0x00000000ec180000,0x00000000ec180000,0x00000000ec400000)
 ParOldGen       total 68608K, used 35080K [0x00000000c0000000, 0x00000000c4300000, 0x00000000eab00000)
  object space 68608K, 51% used [0x00000000c0000000,0x00000000c2242038,0x00000000c4300000)
 Metaspace       used 46850K, committed 48128K, reserved 1114112K
  class space    used 4934K, committed 5504K, reserved 1048576K
}
Event: 94.358 GC heap before
{Heap before GC invocations=27 (full 2):
 PSYoungGen      total 23552K, used 23288K [0x00000000eab00000, 0x00000000ec680000, 0x0000000100000000)
  eden space 21504K, 100% used [0x00000000eab00000,0x00000000ec000000,0x00000000ec000000)
  from space 2048K, 87% used [0x00000000ec480000,0x00000000ec63e200,0x00000000ec680000)
  to   space 2560K, 0% used [0x00000000ec180000,0x00000000ec180000,0x00000000ec400000)
 ParOldGen       total 68608K, used 35080K [0x00000000c0000000, 0x00000000c4300000, 0x00000000eab00000)
  object space 68608K, 51% used [0x00000000c0000000,0x00000000c2242038,0x00000000c4300000)
 Metaspace       used 47884K, committed 49152K, reserved 1114112K
  class space    used 5029K, committed 5568K, reserved 1048576K
}
Event: 94.371 GC heap after
{Heap after GC invocations=27 (full 2):
 PSYoungGen      total 24064K, used 2522K [0x00000000eab00000, 0x00000000ec600000, 0x0000000100000000)
  eden space 21504K, 0% used [0x00000000eab00000,0x00000000eab00000,0x00000000ec000000)
  from space 2560K, 98% used [0x00000000ec180000,0x00000000ec3f6bb8,0x00000000ec400000)
  to   space 2048K, 0% used [0x00000000ec400000,0x00000000ec400000,0x00000000ec600000)
 ParOldGen       total 68608K, used 36816K [0x00000000c0000000, 0x00000000c4300000, 0x00000000eab00000)
  object space 68608K, 53% used [0x00000000c0000000,0x00000000c23f4238,0x00000000c4300000)
 Metaspace       used 47884K, committed 49152K, reserved 1114112K
  class space    used 5029K, committed 5568K, reserved 1048576K
}
Event: 106.018 GC heap before
{Heap before GC invocations=28 (full 2):
 PSYoungGen      total 24064K, used 24023K [0x00000000eab00000, 0x00000000ec600000, 0x0000000100000000)
  eden space 21504K, 99% used [0x00000000eab00000,0x00000000ebfff410,0x00000000ec000000)
  from space 2560K, 98% used [0x00000000ec180000,0x00000000ec3f6bb8,0x00000000ec400000)
  to   space 2048K, 0% used [0x00000000ec400000,0x00000000ec400000,0x00000000ec600000)
 ParOldGen       total 68608K, used 36816K [0x00000000c0000000, 0x00000000c4300000, 0x00000000eab00000)
  object space 68608K, 53% used [0x00000000c0000000,0x00000000c23f4238,0x00000000c4300000)
 Metaspace       used 48282K, committed 49536K, reserved 1114112K
  class space    used 5052K, committed 5568K, reserved 1048576K
}
Event: 106.035 GC heap after
{Heap after GC invocations=28 (full 2):
 PSYoungGen      total 20480K, used 2017K [0x00000000eab00000, 0x00000000ece00000, 0x0000000100000000)
  eden space 18432K, 0% used [0x00000000eab00000,0x00000000eab00000,0x00000000ebd00000)
  from space 2048K, 98% used [0x00000000ec400000,0x00000000ec5f8670,0x00000000ec600000)
  to   space 7168K, 0% used [0x00000000ebd00000,0x00000000ebd00000,0x00000000ec400000)
 ParOldGen       total 68608K, used 40848K [0x00000000c0000000, 0x00000000c4300000, 0x00000000eab00000)
  object space 68608K, 59% used [0x00000000c0000000,0x00000000c27e40e0,0x00000000c4300000)
 Metaspace       used 48282K, committed 49536K, reserved 1114112K
  class space    used 5052K, committed 5568K, reserved 1048576K
}

Dll operation events (10 events):
Event: 0.014 Loaded shared library c:\Users\yirab\.vscode\extensions\redhat.java-1.41.1-win32-x64\jre\21.0.6-win32-x86_64\bin\java.dll
Event: 0.237 Loaded shared library c:\Users\yirab\.vscode\extensions\redhat.java-1.41.1-win32-x64\jre\21.0.6-win32-x86_64\bin\zip.dll
Event: 0.309 Loaded shared library C:\Users\yirab\.vscode\extensions\redhat.java-1.41.1-win32-x64\jre\21.0.6-win32-x86_64\bin\instrument.dll
Event: 0.317 Loaded shared library C:\Users\yirab\.vscode\extensions\redhat.java-1.41.1-win32-x64\jre\21.0.6-win32-x86_64\bin\net.dll
Event: 0.320 Loaded shared library C:\Users\yirab\.vscode\extensions\redhat.java-1.41.1-win32-x64\jre\21.0.6-win32-x86_64\bin\nio.dll
Event: 0.327 Loaded shared library C:\Users\yirab\.vscode\extensions\redhat.java-1.41.1-win32-x64\jre\21.0.6-win32-x86_64\bin\zip.dll
Event: 0.359 Loaded shared library C:\Users\yirab\.vscode\extensions\redhat.java-1.41.1-win32-x64\jre\21.0.6-win32-x86_64\bin\jimage.dll
Event: 0.488 Loaded shared library c:\Users\yirab\.vscode\extensions\redhat.java-1.41.1-win32-x64\jre\21.0.6-win32-x86_64\bin\verify.dll
Event: 17.207 Loaded shared library C:\Users\yirab\AppData\Roaming\Code\User\globalStorage\redhat.java\1.41.1\config_win\org.eclipse.equinox.launcher\org.eclipse.equinox.launcher.win32.win32.x86_64_1.2.1300.v20250331-1702\eclipse_11911.dll
Event: 33.627 Loaded shared library C:\Users\yirab\AppData\Local\Temp\jna--2006807205\jna10697744466690052235.dll

Deoptimization events (20 events):
Event: 101.284 Thread 0x00000217c6037db0 DEOPT PACKING pc=0x00000217eabb2d83 sp=0x0000008531cfe880
Event: 101.284 Thread 0x00000217c6037db0 DEOPT UNPACKING pc=0x00000217f1364223 sp=0x0000008531cfdde8 mode 0
Event: 103.667 Thread 0x00000217c6037db0 DEOPT PACKING pc=0x00000217eabb2d83 sp=0x0000008531cfe880
Event: 103.667 Thread 0x00000217c6037db0 DEOPT UNPACKING pc=0x00000217f1364223 sp=0x0000008531cfdde8 mode 0
Event: 103.694 Thread 0x00000217c6037db0 DEOPT PACKING pc=0x00000217eaba1551 sp=0x0000008531cfe950
Event: 103.694 Thread 0x00000217c6037db0 DEOPT UNPACKING pc=0x00000217f1364223 sp=0x0000008531cfdda8 mode 0
Event: 103.701 Thread 0x00000217c6037db0 DEOPT PACKING pc=0x00000217eabb2d83 sp=0x0000008531cfe850
Event: 103.701 Thread 0x00000217c6037db0 DEOPT UNPACKING pc=0x00000217f1364223 sp=0x0000008531cfddb8 mode 0
Event: 103.761 Thread 0x00000217c6037db0 DEOPT PACKING pc=0x00000217eabb2d83 sp=0x0000008531cfe850
Event: 103.761 Thread 0x00000217c6037db0 DEOPT UNPACKING pc=0x00000217f1364223 sp=0x0000008531cfddb8 mode 0
Event: 105.621 Thread 0x00000217c6037db0 DEOPT PACKING pc=0x00000217eabe106c sp=0x0000008531cfe9d0
Event: 105.666 Thread 0x00000217c6037db0 DEOPT UNPACKING pc=0x00000217f1364223 sp=0x0000008531cfdf58 mode 0
Event: 106.521 Thread 0x00000217c6037db0 DEOPT PACKING pc=0x00000217eaafd75a sp=0x0000008531cfe8b0
Event: 106.521 Thread 0x00000217c6037db0 DEOPT UNPACKING pc=0x00000217f1364223 sp=0x0000008531cfde58 mode 0
Event: 106.551 Thread 0x00000217c6037db0 DEOPT PACKING pc=0x00000217eaafd75a sp=0x0000008531cfe800
Event: 106.551 Thread 0x00000217c6037db0 DEOPT UNPACKING pc=0x00000217f1364223 sp=0x0000008531cfdd88 mode 0
Event: 106.763 Thread 0x00000217c76f8140 Uncommon trap: trap_request=0xffffffde fr.pc=0x00000217f1b17778 relative=0x00000000000002b8
Event: 106.763 Thread 0x00000217c76f8140 Uncommon trap: reason=class_check action=maybe_recompile pc=0x00000217f1b17778 method=org.eclipse.osgi.internal.container.AtomicLazyInitializer.getInitialized(Ljava/util/concurrent/Callable;)Ljava/lang/Object; @ 38 c2
Event: 106.763 Thread 0x00000217c76f8140 DEOPT PACKING pc=0x00000217f1b17778 sp=0x00000085325fda20
Event: 106.763 Thread 0x00000217c76f8140 DEOPT UNPACKING pc=0x00000217f1363a9c sp=0x00000085325fd9d8 mode 2

Classes loaded (20 events):
Event: 90.059 Loading class java/util/regex/Pattern$Pos
Event: 90.059 Loading class java/util/regex/Pattern$Pos done
Event: 90.479 Loading class sun/security/provider/MD5
Event: 90.479 Loading class sun/security/provider/MD5 done
Event: 90.479 Loading class sun/security/provider/ByteArrayAccess$LE
Event: 90.480 Loading class sun/security/provider/ByteArrayAccess$LE done
Event: 90.503 Loading class java/util/stream/MatchOps$MatchKind
Event: 90.503 Loading class java/util/stream/MatchOps$MatchKind done
Event: 90.503 Loading class java/util/stream/MatchOps
Event: 90.503 Loading class java/util/stream/MatchOps done
Event: 90.503 Loading class java/util/stream/MatchOps$MatchOp
Event: 90.504 Loading class java/util/stream/MatchOps$MatchOp done
Event: 90.504 Loading class java/util/stream/MatchOps$BooleanTerminalSink
Event: 90.504 Loading class java/util/stream/MatchOps$BooleanTerminalSink done
Event: 90.522 Loading class java/util/stream/MatchOps$1MatchSink
Event: 90.522 Loading class java/util/stream/MatchOps$1MatchSink done
Event: 91.707 Loading class java/util/WeakHashMap$KeyIterator
Event: 91.707 Loading class java/util/WeakHashMap$KeyIterator done
Event: 106.764 Loading class java/util/concurrent/ThreadPoolExecutor$CallerRunsPolicy
Event: 106.764 Loading class java/util/concurrent/ThreadPoolExecutor$CallerRunsPolicy done

Classes unloaded (7 events):
Event: 50.204 Thread 0x00000217e6c990e0 Unloading class 0x0000021781198c00 'java/lang/invoke/LambdaForm$MH+0x0000021781198c00'
Event: 50.204 Thread 0x00000217e6c990e0 Unloading class 0x0000021781198800 'java/lang/invoke/LambdaForm$MH+0x0000021781198800'
Event: 50.204 Thread 0x00000217e6c990e0 Unloading class 0x0000021781198400 'java/lang/invoke/LambdaForm$MH+0x0000021781198400'
Event: 50.204 Thread 0x00000217e6c990e0 Unloading class 0x0000021781198000 'java/lang/invoke/LambdaForm$MH+0x0000021781198000'
Event: 50.204 Thread 0x00000217e6c990e0 Unloading class 0x0000021781197c00 'java/lang/invoke/LambdaForm$BMH+0x0000021781197c00'
Event: 50.204 Thread 0x00000217e6c990e0 Unloading class 0x0000021781197800 'java/lang/invoke/LambdaForm$DMH+0x0000021781197800'
Event: 50.204 Thread 0x00000217e6c990e0 Unloading class 0x0000021781196400 'java/lang/invoke/LambdaForm$DMH+0x0000021781196400'

Classes redefined (0 events):
No events

Internal exceptions (20 events):
Event: 78.956 Thread 0x00000217c6037720 Exception <a 'sun/nio/fs/WindowsException'{0x00000000eb555e68}> (0x00000000eb555e68) 
thrown [s\src\hotspot\share\prims\jni.cpp, line 520]
Event: 82.390 Thread 0x00000217c6037db0 Implicit null exception at 0x00000217f1a5e5f7 to 0x00000217f1a5e868
Event: 82.391 Thread 0x00000217c6037db0 Exception <a 'java/lang/NoSuchMethodError'{0x00000000eba91398}: 'java.lang.Object java.lang.invoke.DelegatingMethodHandle$Holder.reinvoke_L(java.lang.Object, int, long, java.lang.Object, java.lang.Object, int, java.lang.Object)'> (0x00000000eba91398) 
thrown [s\src\hotspot\share\interpreter\linkResolver.cpp, line 773]
Event: 83.947 Thread 0x00000217c6037720 Exception <a 'sun/nio/fs/WindowsException'{0x00000000ebf12fc8}> (0x00000000ebf12fc8) 
thrown [s\src\hotspot\share\prims\jni.cpp, line 520]
Event: 83.947 Thread 0x00000217c6037720 Exception <a 'sun/nio/fs/WindowsException'{0x00000000ebf138a8}> (0x00000000ebf138a8) 
thrown [s\src\hotspot\share\prims\jni.cpp, line 520]
Event: 88.459 Thread 0x00000217c603a510 Exception <a 'java/lang/NoClassDefFoundError'{0x00000000ebd9aaa8}: com/google/inject/servlet/ServletModuleTargetVisitor> (0x00000000ebd9aaa8) 
thrown [s\src\hotspot\share\classfile\systemDictionary.cpp, line 301]
Event: 88.895 Thread 0x00000217c6037db0 Exception <a 'java/io/FileNotFoundException'{0x00000000ebcd03c0}> (0x00000000ebcd03c0) 
thrown [s\src\hotspot\share\prims\jni.cpp, line 520]
Event: 88.897 Thread 0x00000217c6037db0 Exception <a 'java/io/FileNotFoundException'{0x00000000ebcd1670}> (0x00000000ebcd1670) 
thrown [s\src\hotspot\share\prims\jni.cpp, line 520]
Event: 88.899 Thread 0x00000217c6037db0 Exception <a 'java/lang/NoSuchMethodError'{0x00000000ebcdf6e8}: 'java.lang.Object java.lang.invoke.DirectMethodHandle$Holder.newInvokeSpecial(java.lang.Object, java.lang.Object, java.lang.Object, int)'> (0x00000000ebcdf6e8) 
thrown [s\src\hotspot\share\interpreter\linkResolver.cpp, line 773]
Event: 88.899 Thread 0x00000217c6037db0 Exception <a 'java/lang/NoSuchMethodError'{0x00000000ebce3300}: 'java.lang.Object java.lang.invoke.DirectMethodHandle$Holder.invokeSpecial(java.lang.Object, java.lang.Object, java.lang.Object, java.lang.Object, int)'> (0x00000000ebce3300) 
thrown [s\src\hotspot\share\interpreter\linkResolver.cpp, line 773]
Event: 88.899 Thread 0x00000217c6037db0 Exception <a 'java/lang/NoSuchMethodError'{0x00000000ebce6798}: 'java.lang.Object java.lang.invoke.Invokers$Holder.linkToTargetMethod(java.lang.Object, java.lang.Object, int, java.lang.Object)'> (0x00000000ebce6798) 
thrown [s\src\hotspot\share\interpreter\linkResolver.cpp, line 773]
Event: 89.087 Thread 0x00000217c603a510 Exception <a 'java/lang/NoSuchMethodError'{0x00000000eb4cd490}: 'java.lang.Object java.lang.invoke.DirectMethodHandle$Holder.invokeStatic(java.lang.Object, int, java.lang.Object, java.lang.Object)'> (0x00000000eb4cd490) 
thrown [s\src\hotspot\share\interpreter\linkResolver.cpp, line 773]
Event: 89.088 Thread 0x00000217c603a510 Exception <a 'java/lang/NoSuchMethodError'{0x00000000ebe2c990}: 'java.lang.Object java.lang.invoke.DelegatingMethodHandle$Holder.delegate(java.lang.Object, int, java.lang.Object, java.lang.Object)'> (0x00000000ebe2c990) 
thrown [s\src\hotspot\share\interpreter\linkResolver.cpp, line 773]
Event: 89.091 Thread 0x00000217c603a510 Exception <a 'java/lang/NoSuchMethodError'{0x00000000ebe3fef0}: 'int java.lang.invoke.Invokers$Holder.linkToTargetMethod(java.lang.Object, java.lang.Object, java.lang.Object)'> (0x00000000ebe3fef0) 
thrown [s\src\hotspot\share\interpreter\linkResolver.cpp, line 773]
Event: 91.708 Thread 0x00000217c6037720 Exception <a 'java/io/FileNotFoundException'{0x00000000eb8ac4f8}> (0x00000000eb8ac4f8) 
thrown [s\src\hotspot\share\prims\jni.cpp, line 520]
Event: 91.722 Thread 0x00000217c6037720 Exception <a 'java/io/FileNotFoundException'{0x00000000eb8ad538}> (0x00000000eb8ad538) 
thrown [s\src\hotspot\share\prims\jni.cpp, line 520]
Event: 91.722 Thread 0x00000217c6037720 Exception <a 'java/io/FileNotFoundException'{0x00000000eb8ae2c8}> (0x00000000eb8ae2c8) 
thrown [s\src\hotspot\share\prims\jni.cpp, line 520]
Event: 91.958 Thread 0x00000217c76f8e60 Exception <a 'sun/nio/fs/WindowsException'{0x00000000ebb01010}> (0x00000000ebb01010) 
thrown [s\src\hotspot\share\prims\jni.cpp, line 520]
Event: 91.958 Thread 0x00000217c76f8e60 Exception <a 'sun/nio/fs/WindowsException'{0x00000000ebb01660}> (0x00000000ebb01660) 
thrown [s\src\hotspot\share\prims\jni.cpp, line 520]
Event: 94.131 Thread 0x00000217c76f8140 Exception <a 'java/io/FileNotFoundException'{0x00000000ebd84da0}> (0x00000000ebd84da0) 
thrown [s\src\hotspot\share\prims\jni.cpp, line 520]

ZGC Phase Switch (0 events):
No events

VM Operations (20 events):
Event: 94.358 Executing VM operation: ParallelGCFailedAllocation (Allocation Failure)
Event: 94.372 Executing VM operation: ParallelGCFailedAllocation (Allocation Failure) done
Event: 95.380 Executing VM operation: Cleanup
Event: 95.514 Executing VM operation: Cleanup done
Event: 96.529 Executing VM operation: Cleanup
Event: 96.813 Executing VM operation: Cleanup done
Event: 97.823 Executing VM operation: Cleanup
Event: 98.099 Executing VM operation: Cleanup done
Event: 99.114 Executing VM operation: Cleanup
Event: 99.287 Executing VM operation: Cleanup done
Event: 100.290 Executing VM operation: Cleanup
Event: 100.315 Executing VM operation: Cleanup done
Event: 101.350 Executing VM operation: Cleanup
Event: 103.431 Executing VM operation: Cleanup done
Event: 103.763 Executing VM operation: HandshakeAllThreads (Deoptimize)
Event: 103.764 Executing VM operation: HandshakeAllThreads (Deoptimize) done
Event: 105.765 Executing VM operation: Cleanup
Event: 105.765 Executing VM operation: Cleanup done
Event: 106.018 Executing VM operation: ParallelGCFailedAllocation (Allocation Failure)
Event: 106.035 Executing VM operation: ParallelGCFailedAllocation (Allocation Failure) done

Memory protections (0 events):
No events

Nmethod flushes (20 events):
Event: 68.572 Thread 0x00000217e6c990e0 flushing  nmethod 0x00000217ea56ad10
Event: 68.572 Thread 0x00000217e6c990e0 flushing  nmethod 0x00000217ea56f010
Event: 68.572 Thread 0x00000217e6c990e0 flushing  nmethod 0x00000217ea56f610
Event: 68.572 Thread 0x00000217e6c990e0 flushing  nmethod 0x00000217ea56fd10
Event: 68.572 Thread 0x00000217e6c990e0 flushing  nmethod 0x00000217ea571090
Event: 68.572 Thread 0x00000217e6c990e0 flushing  nmethod 0x00000217ea571d90
Event: 68.572 Thread 0x00000217e6c990e0 flushing  nmethod 0x00000217ea572410
Event: 68.572 Thread 0x00000217e6c990e0 flushing  nmethod 0x00000217ea576910
Event: 68.572 Thread 0x00000217e6c990e0 flushing  nmethod 0x00000217ea576e90
Event: 68.572 Thread 0x00000217e6c990e0 flushing  nmethod 0x00000217ea578190
Event: 68.572 Thread 0x00000217e6c990e0 flushing  nmethod 0x00000217ea578610
Event: 68.572 Thread 0x00000217e6c990e0 flushing  nmethod 0x00000217ea588e90
Event: 68.572 Thread 0x00000217e6c990e0 flushing  nmethod 0x00000217ea58a210
Event: 68.572 Thread 0x00000217e6c990e0 flushing osr nmethod 0x00000217ea58fc90
Event: 68.572 Thread 0x00000217e6c990e0 flushing  nmethod 0x00000217ea59d710
Event: 68.572 Thread 0x00000217e6c990e0 flushing  nmethod 0x00000217ea5b9d10
Event: 68.572 Thread 0x00000217e6c990e0 flushing  nmethod 0x00000217ea5c1010
Event: 68.572 Thread 0x00000217e6c990e0 flushing  nmethod 0x00000217ea5e7010
Event: 68.572 Thread 0x00000217e6c990e0 flushing  nmethod 0x00000217ea5f2d90
Event: 68.572 Thread 0x00000217e6c990e0 flushing  nmethod 0x00000217ea5f3210

Events (20 events):
Event: 34.738 Thread 0x00000217c51c3350 Thread added: 0x00000217c6037720
Event: 36.386 Thread 0x00000217c51c3350 Thread added: 0x00000217c603a510
Event: 36.387 Thread 0x00000217c51c3350 Thread added: 0x00000217c6039160
Event: 42.119 Thread 0x00000217c6039160 Thread exited: 0x00000217c6039160
Event: 47.592 Thread 0x00000217c51c3350 Thread added: 0x00000217c6037db0
Event: 52.672 Thread 0x00000217c6037720 Thread added: 0x00000217c6038440
Event: 56.607 Thread 0x00000217c6037db0 Thread exited: 0x00000217c6037db0
Event: 66.454 Thread 0x00000217c51c3350 Thread added: 0x00000217c6037db0
Event: 69.251 Thread 0x00000217c6038440 Thread added: 0x00000217c6039160
Event: 69.626 Thread 0x00000217c6039160 Thread added: 0x00000217c6039e80
Event: 71.057 Thread 0x00000217e6be0e40 Thread added: 0x00000217c76f7420
Event: 71.057 Thread 0x00000217e6be0e40 Thread added: 0x00000217c76f6070
Event: 71.057 Thread 0x00000217e6be0e40 Thread added: 0x00000217c76f7ab0
Event: 72.208 Thread 0x00000217e6be0e40 Thread added: 0x00000217c76f6d90
Event: 75.951 Thread 0x00000217e6be0e40 Thread added: 0x00000217c76f6700
Event: 75.952 Thread 0x00000217e6be0e40 Thread added: 0x00000217c76f8140
Event: 83.717 Thread 0x00000217c6039e80 Thread added: 0x00000217c76f87d0
Event: 83.918 Thread 0x00000217c6039160 Thread added: 0x00000217c76f8e60
Event: 106.765 Thread 0x00000217c76f8140 Thread added: 0x00000217c78a7550
Event: 106.821 Thread 0x00000217c51c3350 Thread added: 0x00000217c78a7be0


Dynamic libraries:
0x00007ff7c2670000 - 0x00007ff7c267e000 	c:\Users\yirab\.vscode\extensions\redhat.java-1.41.1-win32-x64\jre\21.0.6-win32-x86_64\bin\java.exe
0x00007ffc8bac0000 - 0x00007ffc8bcc9000 	C:\windows\SYSTEM32\ntdll.dll
0x00007ffc8a130000 - 0x00007ffc8a1ed000 	C:\windows\System32\KERNEL32.DLL
0x00007ffc893a0000 - 0x00007ffc89724000 	C:\windows\System32\KERNELBASE.dll
0x00007ffc89280000 - 0x00007ffc89391000 	C:\windows\System32\ucrtbase.dll
0x00007ffc598c0000 - 0x00007ffc598d8000 	c:\Users\yirab\.vscode\extensions\redhat.java-1.41.1-win32-x64\jre\21.0.6-win32-x86_64\bin\jli.dll
0x00007ffc89980000 - 0x00007ffc89b2d000 	C:\windows\System32\USER32.dll
0x00007ffc891e0000 - 0x00007ffc89206000 	C:\windows\System32\win32u.dll
0x00007ffc8a9a0000 - 0x00007ffc8a9ca000 	C:\windows\System32\GDI32.dll
0x00007ffc88f50000 - 0x00007ffc8906e000 	C:\windows\System32\gdi32full.dll
0x00007ffc897b0000 - 0x00007ffc8984d000 	C:\windows\System32\msvcp_win.dll
0x00007ffc595a0000 - 0x00007ffc595be000 	c:\Users\yirab\.vscode\extensions\redhat.java-1.41.1-win32-x64\jre\21.0.6-win32-x86_64\bin\VCRUNTIME140.dll
0x00007ffc6a0b0000 - 0x00007ffc6a355000 	C:\windows\WinSxS\amd64_microsoft.windows.common-controls_6595b64144ccf1df_6.0.22000.120_none_9d947278b86cc467\COMCTL32.dll
0x00007ffc8a2e0000 - 0x00007ffc8a383000 	C:\windows\System32\msvcrt.dll
0x00007ffc8a0f0000 - 0x00007ffc8a121000 	C:\windows\System32\IMM32.DLL
0x00007ffc6dc10000 - 0x00007ffc6dc1c000 	c:\Users\yirab\.vscode\extensions\redhat.java-1.41.1-win32-x64\jre\21.0.6-win32-x86_64\bin\vcruntime140_1.dll
0x00007ffc478c0000 - 0x00007ffc4794d000 	c:\Users\yirab\.vscode\extensions\redhat.java-1.41.1-win32-x64\jre\21.0.6-win32-x86_64\bin\msvcp140.dll
0x00007ffc2ebe0000 - 0x00007ffc2f970000 	c:\Users\yirab\.vscode\extensions\redhat.java-1.41.1-win32-x64\jre\21.0.6-win32-x86_64\bin\server\jvm.dll
0x00007ffc8b690000 - 0x00007ffc8b73e000 	C:\windows\System32\ADVAPI32.dll
0x00007ffc8a7b0000 - 0x00007ffc8a84e000 	C:\windows\System32\sechost.dll
0x00007ffc8a850000 - 0x00007ffc8a971000 	C:\windows\System32\RPCRT4.dll
0x00007ffc89bc0000 - 0x00007ffc89c2f000 	C:\windows\System32\WS2_32.dll
0x00007ffc88e20000 - 0x00007ffc88e6d000 	C:\windows\SYSTEM32\POWRPROF.dll
0x00007ffc82560000 - 0x00007ffc82593000 	C:\windows\SYSTEM32\WINMM.dll
0x00007ffc82940000 - 0x00007ffc8294a000 	C:\windows\SYSTEM32\VERSION.dll
0x00007ffc88e00000 - 0x00007ffc88e13000 	C:\windows\SYSTEM32\UMPDC.dll
0x00007ffc87fc0000 - 0x00007ffc87fd8000 	C:\windows\SYSTEM32\kernel.appcore.dll
0x00007ffc81e70000 - 0x00007ffc81e7a000 	c:\Users\yirab\.vscode\extensions\redhat.java-1.41.1-win32-x64\jre\21.0.6-win32-x86_64\bin\jimage.dll
0x00007ffc86b90000 - 0x00007ffc86db1000 	C:\windows\SYSTEM32\DBGHELP.DLL
0x00007ffc48ca0000 - 0x00007ffc48cd1000 	C:\windows\SYSTEM32\dbgcore.DLL
0x00007ffc89730000 - 0x00007ffc897af000 	C:\windows\System32\bcryptPrimitives.dll
0x00007ffc6eef0000 - 0x00007ffc6eeff000 	c:\Users\yirab\.vscode\extensions\redhat.java-1.41.1-win32-x64\jre\21.0.6-win32-x86_64\bin\instrument.dll
0x00007ffc6dde0000 - 0x00007ffc6ddff000 	c:\Users\yirab\.vscode\extensions\redhat.java-1.41.1-win32-x64\jre\21.0.6-win32-x86_64\bin\java.dll
0x00007ffc8aa40000 - 0x00007ffc8b205000 	C:\windows\System32\SHELL32.dll
0x00007ffc87020000 - 0x00007ffc87882000 	C:\windows\SYSTEM32\windows.storage.dll
0x00007ffc89c30000 - 0x00007ffc89fa6000 	C:\windows\System32\combase.dll
0x00007ffc86eb0000 - 0x00007ffc87017000 	C:\windows\SYSTEM32\wintypes.dll
0x00007ffc8a680000 - 0x00007ffc8a76a000 	C:\windows\System32\SHCORE.dll
0x00007ffc89fb0000 - 0x00007ffc8a00d000 	C:\windows\System32\shlwapi.dll
0x00007ffc88e80000 - 0x00007ffc88ea5000 	C:\windows\SYSTEM32\profapi.dll
0x00007ffc598e0000 - 0x00007ffc598f8000 	c:\Users\yirab\.vscode\extensions\redhat.java-1.41.1-win32-x64\jre\21.0.6-win32-x86_64\bin\zip.dll
0x00007ffc6db00000 - 0x00007ffc6db10000 	C:\Users\yirab\.vscode\extensions\redhat.java-1.41.1-win32-x64\jre\21.0.6-win32-x86_64\bin\net.dll
0x00007ffc81750000 - 0x00007ffc81864000 	C:\windows\SYSTEM32\WINHTTP.dll
0x00007ffc88470000 - 0x00007ffc884d7000 	C:\windows\system32\mswsock.dll
0x00007ffc59580000 - 0x00007ffc59596000 	C:\Users\yirab\.vscode\extensions\redhat.java-1.41.1-win32-x64\jre\21.0.6-win32-x86_64\bin\nio.dll
0x00007ffc6ab90000 - 0x00007ffc6aba0000 	c:\Users\yirab\.vscode\extensions\redhat.java-1.41.1-win32-x64\jre\21.0.6-win32-x86_64\bin\verify.dll
0x00007ffc588f0000 - 0x00007ffc58935000 	C:\Users\yirab\AppData\Roaming\Code\User\globalStorage\redhat.java\1.41.1\config_win\org.eclipse.equinox.launcher\org.eclipse.equinox.launcher.win32.win32.x86_64_1.2.1300.v20250331-1702\eclipse_11911.dll
0x00007ffc8b740000 - 0x00007ffc8b8da000 	C:\windows\System32\ole32.dll
0x00007ffc886b0000 - 0x00007ffc886c8000 	C:\windows\SYSTEM32\CRYPTSP.dll
0x00007ffc87f20000 - 0x00007ffc87f55000 	C:\windows\system32\rsaenh.dll
0x00007ffc88560000 - 0x00007ffc8858c000 	C:\windows\SYSTEM32\USERENV.dll
0x00007ffc88830000 - 0x00007ffc88857000 	C:\windows\SYSTEM32\bcrypt.dll
0x00007ffc886d0000 - 0x00007ffc886dc000 	C:\windows\SYSTEM32\CRYPTBASE.dll
0x00007ffc87b20000 - 0x00007ffc87b4d000 	C:\windows\SYSTEM32\IPHLPAPI.DLL
0x00007ffc8a7a0000 - 0x00007ffc8a7a9000 	C:\windows\System32\NSI.dll
0x00007ffc47140000 - 0x00007ffc47189000 	C:\Users\yirab\AppData\Local\Temp\jna--2006807205\jna10697744466690052235.dll
0x00007ffc8a790000 - 0x00007ffc8a798000 	C:\windows\System32\PSAPI.DLL
0x00007ffc82540000 - 0x00007ffc82559000 	C:\windows\SYSTEM32\dhcpcsvc6.DLL
0x00007ffc82d20000 - 0x00007ffc82d3e000 	C:\windows\SYSTEM32\dhcpcsvc.DLL

dbghelp: loaded successfully - version: 4.0.5 - missing functions: none
symbol engine: initialized successfully - sym options: 0x614 - pdb path: .;c:\Users\yirab\.vscode\extensions\redhat.java-1.41.1-win32-x64\jre\21.0.6-win32-x86_64\bin;C:\windows\SYSTEM32;C:\windows\WinSxS\amd64_microsoft.windows.common-controls_6595b64144ccf1df_6.0.22000.120_none_9d947278b86cc467;c:\Users\yirab\.vscode\extensions\redhat.java-1.41.1-win32-x64\jre\21.0.6-win32-x86_64\bin\server;C:\Users\yirab\AppData\Roaming\Code\User\globalStorage\redhat.java\1.41.1\config_win\org.eclipse.equinox.launcher\org.eclipse.equinox.launcher.win32.win32.x86_64_1.2.1300.v20250331-1702;C:\Users\yirab\AppData\Local\Temp\jna--2006807205

VM Arguments:
jvm_args: --add-modules=ALL-SYSTEM --add-opens=java.base/java.util=ALL-UNNAMED --add-opens=java.base/java.lang=ALL-UNNAMED --add-opens=java.base/sun.nio.fs=ALL-UNNAMED -Declipse.application=org.eclipse.jdt.ls.core.id1 -Dosgi.bundles.defaultStartLevel=4 -Declipse.product=org.eclipse.jdt.ls.core.product -Djava.import.generatesMetadataFilesAtProjectRoot=false -DDetectVMInstallationsJob.disabled=true -Dfile.encoding=utf8 -XX:+UseParallelGC -XX:GCTimeRatio=4 -XX:AdaptiveSizePolicyWeight=90 -Dsun.zip.disableMemoryMapping=true -Xmx1G -Xms100m -Xlog:disable -javaagent:c:\Users\yirab\.vscode\extensions\redhat.java-1.41.1-win32-x64\lombok\lombok-1.18.36.jar -XX:+HeapDumpOnOutOfMemoryError -XX:HeapDumpPath=c:\Users\yirab\AppData\Roaming\Code\User\workspaceStorage\7dff5121b9d34c13ecd902b49b7771fb\redhat.java -Daether.dependencyCollector.impl=bf 
java_command: c:\Users\yirab\.vscode\extensions\redhat.java-1.41.1-win32-x64\server\plugins\org.eclipse.equinox.launcher_1.7.0.v20250331-1702.jar -configuration c:\Users\yirab\AppData\Roaming\Code\User\globalStorage\redhat.java\1.41.1\config_win -data c:\Users\yirab\AppData\Roaming\Code\User\workspaceStorage\7dff5121b9d34c13ecd902b49b7771fb\redhat.java\jdt_ws --pipe=\\.\pipe\lsp-53d870d37d8ddbf1ad7764a3f348a5e3-sock
java_class_path (initial): c:\Users\yirab\.vscode\extensions\redhat.java-1.41.1-win32-x64\server\plugins\org.eclipse.equinox.launcher_1.7.0.v20250331-1702.jar
Launcher Type: SUN_STANDARD

[Global flags]
    uintx AdaptiveSizePolicyWeight                 = 90                                        {product} {command line}
     intx CICompilerCount                          = 2                                         {product} {ergonomic}
    uintx GCTimeRatio                              = 4                                         {product} {command line}
     bool HeapDumpOnOutOfMemoryError               = true                                   {manageable} {command line}
    ccstr HeapDumpPath                             = c:\Users\yirab\AppData\Roaming\Code\User\workspaceStorage\7dff5121b9d34c13ecd902b49b7771fb\redhat.java         {manageable} {command line}
   size_t InitialHeapSize                          = 104857600                                 {product} {command line}
   size_t MaxHeapSize                              = 1073741824                                {product} {command line}
   size_t MaxNewSize                               = 357564416                                 {product} {ergonomic}
   size_t MinHeapDeltaBytes                        = 524288                                    {product} {ergonomic}
   size_t MinHeapSize                              = 104857600                                 {product} {command line}
   size_t NewSize                                  = 34603008                                  {product} {ergonomic}
    uintx NonNMethodCodeHeapSize                   = 5826188                                {pd product} {ergonomic}
    uintx NonProfiledCodeHeapSize                  = 122916026                              {pd product} {ergonomic}
   size_t OldSize                                  = 70254592                                  {product} {ergonomic}
    uintx ProfiledCodeHeapSize                     = 122916026                              {pd product} {ergonomic}
    uintx ReservedCodeCacheSize                    = 251658240                              {pd product} {ergonomic}
     bool SegmentedCodeCache                       = true                                      {product} {ergonomic}
   size_t SoftMaxHeapSize                          = 1073741824                             {manageable} {ergonomic}
     bool UseCompressedOops                        = true                           {product lp64_product} {ergonomic}
     bool UseLargePagesIndividualAllocation        = false                                  {pd product} {ergonomic}
     bool UseParallelGC                            = true                                      {product} {command line}

Logging:
Log output configuration:
 #0: stdout all=off uptime,level,tags foldmultilines=false
 #1: stderr all=off uptime,level,tags foldmultilines=false

Environment Variables:
PATH=C:\Program Files\Common Files\Oracle\Java\javapath;C:\Program Files (x86)\Common Files\Oracle\Java\java8path;C:\Program Files (x86)\Common Files\Oracle\Java\javapath;C:\windows\system32;C:\windows;C:\windows\System32\Wbem;C:\windows\System32\WindowsPowerShell\v1.0\;C:\windows\System32\OpenSSH\;C:\Program Files\HP\HP One Agent;C:\ProgramData\chocolatey\bin;C:\Program Files\nodejs\;C:\Program Files\tools\apache-maven-3.9.9\bin;C:\Users\yirab\AppData\Local\Microsoft\WindowsApps;C:\Users\yirab\AppData\Roaming\npm;C:\Users\yirab\AppData\Local\Programs\Microsoft VS Code\bin
USERNAME=Gabriela
OS=Windows_NT
PROCESSOR_IDENTIFIER=Intel64 Family 6 Model 122 Stepping 8, GenuineIntel
TMP=C:\Users\yirab\AppData\Local\Temp
TEMP=C:\Users\yirab\AppData\Local\Temp




Periodic native trim disabled

---------------  S Y S T E M  ---------------

OS:
 Windows 11 , 64 bit Build 22000 (10.0.22000.2538)
OS uptime: 4 days 18:50 hours

CPU: total 2 (initial active 2) (2 cores per cpu, 1 threads per core) family 6 model 122 stepping 8 microcode 0x1a, cx8, cmov, fxsr, mmx, 3dnowpref, sse, sse2, sse3, ssse3, sse4.1, sse4.2, popcnt, tsc, tscinvbit, aes, erms, clmul, sha, clflush, clflushopt, rdtscp, rdpid
Processor Information for the first 2 processors :
  Max Mhz: 1101, Current Mhz: 1101, Mhz Limit: 1101

Memory: 4k page, system-wide physical 3911M (96M free)
TotalPageFile size 7725M (AvailPageFile size 3M)
current process WorkingSet (physical memory assigned to process): 237M, peak: 238M
current process commit charge ("private bytes"): 292M, peak: 293M

vm_info: OpenJDK 64-Bit Server VM (21.0.6+7-LTS) for windows-amd64 JRE (21.0.6+7-LTS), built on 2025-01-21T00:00:00Z by "admin" with MS VC++ 17.7 (VS2022)

END.
