#
# There is insufficient memory for the Java Runtime Environment to continue.
# Native memory allocation (malloc) failed to allocate 51864 bytes for Chunk::new
# Possible reasons:
#   The system is out of physical RAM or swap space
#   The process is running with CompressedOops enabled, and the Java Heap may be blocking the growth of the native heap
# Possible solutions:
#   Reduce memory load on the system
#   Increase physical memory or swap space
#   Check if swap backing store is full
#   Decrease Java heap size (-Xmx/-Xms)
#   Decrease number of Java threads
#   Decrease Java thread stack sizes (-Xss)
#   Set larger code cache with -XX:ReservedCodeCacheSize=
#   JVM is running with Unscaled Compressed Oops mode in which the Java heap is
#     placed in the first 4GB address space. The Java Heap base address is the
#     maximum limit for the native heap growth. Please use -XX:HeapBaseMinAddress
#     to set the Java Heap base and to place the Java Heap above 4GB virtual address.
# This output file may be truncated or incomplete.
#
#  Out of Memory Error (arena.cpp:168), pid=8416, tid=12316
#
# JRE version: Java(TM) SE Runtime Environment (21.0.3+7) (build 21.0.3+7-LTS-152)
# Java VM: Java HotSpot(TM) 64-Bit Server VM (21.0.3+7-LTS-152, mixed mode, sharing, tiered, compressed oops, compressed class ptrs, g1 gc, windows-amd64)
# No core dump will be written. Minidumps are not enabled by default on client versions of Windows
#

---------------  S U M M A R Y ------------

Command Line: -XX:+ShowCodeDetailsInExceptionMessages co.edu.uniremington.gabrieladumar.ClientSofLuc.ClientSofLucApplication

Host: Intel(R) Celeron(R) N4020 CPU @ 1.10GHz, 2 cores, 3G,  Windows 11 , 64 bit Build 22000 (10.0.22000.2538)
Time: Tue Apr  8 18:20:46 2025 Hora est. Pacífico, Sudamérica elapsed time: 109.621723 seconds (0d 0h 1m 49s)

---------------  T H R E A D  ---------------

Current thread (0x0000028979e35e30):  JavaThread "C2 CompilerThread0" daemon [_thread_in_native, id=12316, stack(0x000000ac4a000000,0x000000ac4a100000) (1024K)]


Current CompileTask:
C2: 109621 4280       4       java.lang.invoke.MethodType::makeImpl (109 bytes)

Stack: [0x000000ac4a000000,0x000000ac4a100000]
Native frames: (J=compiled Java code, j=interpreted, Vv=VM code, C=native code)
V  [jvm.dll+0x6c63b9]
V  [jvm.dll+0x84fa11]
V  [jvm.dll+0x851f3e]
V  [jvm.dll+0x852613]
V  [jvm.dll+0x27cd46]
V  [jvm.dll+0xc4aad]
V  [jvm.dll+0xc4fe3]
V  [jvm.dll+0x2f000c]
V  [jvm.dll+0x5f150a]
V  [jvm.dll+0x24e99f]
V  [jvm.dll+0x2471de]
V  [jvm.dll+0x245014]
V  [jvm.dll+0x1c689e]
V  [jvm.dll+0x254609]
V  [jvm.dll+0x252b9a]
V  [jvm.dll+0x3eb056]
V  [jvm.dll+0x7f9ffb]
V  [jvm.dll+0x6c4a9d]
C  [ucrtbase.dll+0x26c0c]
C  [KERNEL32.DLL+0x153e0]
C  [ntdll.dll+0x485b]


---------------  P R O C E S S  ---------------

Threads class SMR info:
_java_thread_list=0x000002897f795c80, length=28, elements={
0x0000028979e24a90, 0x0000028979e254f0, 0x0000028979e27a30, 0x0000028979e28490,
0x0000028979e28ef0, 0x0000028979e2c100, 0x0000028979e35e30, 0x0000028979e368d0,
0x000002897e1b67a0, 0x000002897e1beff0, 0x000002897fc8e6f0, 0x000002897f53e020,
0x000002897fccd010, 0x000002897f7f0fd0, 0x000002897f7f1660, 0x000002897f7f30a0,
0x000002897f7f3730, 0x000002897f7f3dc0, 0x000002897f7f4450, 0x000002897f7f1cf0,
0x000002897f7f2a10, 0x000002897f7f2380, 0x000002897f5c6f90, 0x000002897f5ce5b0,
0x000002897f5c7620, 0x000002897f5cd890, 0x000002897f5c7cb0, 0x000002897f5c8340
}

Java Threads: ( => current thread )
  0x0000028979e24a90 JavaThread "Reference Handler"          daemon [_thread_blocked, id=2504, stack(0x000000ac49a00000,0x000000ac49b00000) (1024K)]
  0x0000028979e254f0 JavaThread "Finalizer"                  daemon [_thread_blocked, id=9904, stack(0x000000ac49b00000,0x000000ac49c00000) (1024K)]
  0x0000028979e27a30 JavaThread "Signal Dispatcher"          daemon [_thread_blocked, id=2856, stack(0x000000ac49c00000,0x000000ac49d00000) (1024K)]
  0x0000028979e28490 JavaThread "Attach Listener"            daemon [_thread_blocked, id=12248, stack(0x000000ac49d00000,0x000000ac49e00000) (1024K)]
  0x0000028979e28ef0 JavaThread "Service Thread"             daemon [_thread_blocked, id=5828, stack(0x000000ac49e00000,0x000000ac49f00000) (1024K)]
  0x0000028979e2c100 JavaThread "Monitor Deflation Thread"   daemon [_thread_blocked, id=2400, stack(0x000000ac49f00000,0x000000ac4a000000) (1024K)]
=>0x0000028979e35e30 JavaThread "C2 CompilerThread0"         daemon [_thread_in_native, id=12316, stack(0x000000ac4a000000,0x000000ac4a100000) (1024K)]
  0x0000028979e368d0 JavaThread "C1 CompilerThread0"         daemon [_thread_blocked, id=10584, stack(0x000000ac4a100000,0x000000ac4a200000) (1024K)]
  0x000002897e1b67a0 JavaThread "Notification Thread"        daemon [_thread_blocked, id=12672, stack(0x000000ac4a200000,0x000000ac4a300000) (1024K)]
  0x000002897e1beff0 JavaThread "Common-Cleaner"             daemon [_thread_blocked, id=9928, stack(0x000000ac4a300000,0x000000ac4a400000) (1024K)]
  0x000002897fc8e6f0 JavaThread "Catalina-utility-1"                [_thread_blocked, id=12272, stack(0x000000ac4a700000,0x000000ac4a800000) (1024K)]
  0x000002897f53e020 JavaThread "Catalina-utility-2"                [_thread_blocked, id=7368, stack(0x000000ac4a800000,0x000000ac4a900000) (1024K)]
  0x000002897fccd010 JavaThread "container-0"                       [_thread_blocked, id=13064, stack(0x000000ac4a900000,0x000000ac4aa00000) (1024K)]
  0x000002897f7f0fd0 JavaThread "File Watcher"               daemon [_thread_blocked, id=3420, stack(0x000000ac4aa00000,0x000000ac4ab00000) (1024K)]
  0x000002897f7f1660 JavaThread "Live Reload Server"         daemon [_thread_in_native, id=5136, stack(0x000000ac4ac00000,0x000000ac4ad00000) (1024K)]
  0x000002897f7f30a0 JavaThread "http-nio-8080-exec-1"       daemon [_thread_blocked, id=11208, stack(0x000000ac4ab00000,0x000000ac4ac00000) (1024K)]
  0x000002897f7f3730 JavaThread "http-nio-8080-exec-2"       daemon [_thread_blocked, id=4948, stack(0x000000ac4ad00000,0x000000ac4ae00000) (1024K)]
  0x000002897f7f3dc0 JavaThread "http-nio-8080-exec-3"       daemon [_thread_blocked, id=7504, stack(0x000000ac4ae00000,0x000000ac4af00000) (1024K)]
  0x000002897f7f4450 JavaThread "http-nio-8080-exec-4"       daemon [_thread_blocked, id=10812, stack(0x000000ac4af00000,0x000000ac4b000000) (1024K)]
  0x000002897f7f1cf0 JavaThread "http-nio-8080-exec-5"       daemon [_thread_blocked, id=13308, stack(0x000000ac4b000000,0x000000ac4b100000) (1024K)]
  0x000002897f7f2a10 JavaThread "http-nio-8080-exec-6"       daemon [_thread_blocked, id=11624, stack(0x000000ac4b100000,0x000000ac4b200000) (1024K)]
  0x000002897f7f2380 JavaThread "http-nio-8080-exec-7"       daemon [_thread_blocked, id=8976, stack(0x000000ac4b200000,0x000000ac4b300000) (1024K)]
  0x000002897f5c6f90 JavaThread "http-nio-8080-exec-8"       daemon [_thread_blocked, id=2832, stack(0x000000ac4b300000,0x000000ac4b400000) (1024K)]
  0x000002897f5ce5b0 JavaThread "http-nio-8080-exec-9"       daemon [_thread_blocked, id=8248, stack(0x000000ac4b400000,0x000000ac4b500000) (1024K)]
  0x000002897f5c7620 JavaThread "http-nio-8080-exec-10"      daemon [_thread_blocked, id=3076, stack(0x000000ac4b500000,0x000000ac4b600000) (1024K)]
  0x000002897f5cd890 JavaThread "http-nio-8080-Poller"       daemon [_thread_in_native, id=5852, stack(0x000000ac4b600000,0x000000ac4b700000) (1024K)]
  0x000002897f5c7cb0 JavaThread "http-nio-8080-Acceptor"     daemon [_thread_in_native, id=10296, stack(0x000000ac4b700000,0x000000ac4b800000) (1024K)]
  0x000002897f5c8340 JavaThread "DestroyJavaVM"                     [_thread_blocked, id=5720, stack(0x000000ac49200000,0x000000ac49300000) (1024K)]
Total: 28

Other Threads:
  0x000002895f7c7290 VMThread "VM Thread"                           [id=5512, stack(0x000000ac49900000,0x000000ac49a00000) (1024K)]
  0x0000028979e1ca10 WatcherThread "VM Periodic Task Thread"        [id=8520, stack(0x000000ac49800000,0x000000ac49900000) (1024K)]
  0x000002895f744310 WorkerThread "GC Thread#0"                     [id=3224, stack(0x000000ac49300000,0x000000ac49400000) (1024K)]
  0x000002897e5945a0 WorkerThread "GC Thread#1"                     [id=11276, stack(0x000000ac4a400000,0x000000ac4a500000) (1024K)]
  0x000002895f74f2a0 ConcurrentGCThread "G1 Main Marker"            [id=13008, stack(0x000000ac49400000,0x000000ac49500000) (1024K)]
  0x000002895f74fda0 WorkerThread "G1 Conc#0"                       [id=776, stack(0x000000ac49500000,0x000000ac49600000) (1024K)]
  0x000002895f798ed0 ConcurrentGCThread "G1 Refine#0"               [id=11212, stack(0x000000ac49600000,0x000000ac49700000) (1024K)]
  0x000002895f79c740 ConcurrentGCThread "G1 Service"                [id=2288, stack(0x000000ac49700000,0x000000ac49800000) (1024K)]
Total: 8

Threads with active compile tasks:
C2 CompilerThread0   109661 4280       4       java.lang.invoke.MethodType::makeImpl (109 bytes)
Total: 1

VM state: not at safepoint (normal execution)

VM Mutex/Monitor currently owned by a thread: None

Heap address: 0x00000000c2e00000, size: 978 MB, Compressed Oops mode: 32-bit

CDS archive(s) mapped at: [0x0000028900000000-0x0000028900c90000-0x0000028900c90000), size 13172736, SharedBaseAddress: 0x0000028900000000, ArchiveRelocationMode: 1.
Compressed class space mapped at: 0x0000028901000000-0x0000028941000000, reserved size: 1073741824
Narrow klass base: 0x0000028900000000, Narrow klass shift: 0, Narrow klass range: 0x100000000

GC Precious Log:
 CardTable entry size: 512
 Card Set container configuration: InlinePtr #cards 5 size 8 Array Of Cards #cards 12 size 40 Howl #buckets 4 coarsen threshold 1843 Howl Bitmap #cards 512 size 80 coarsen threshold 460 Card regions per heap region 1 cards per card region 2048
 CPUs: 2 total, 2 available
 Memory: 3911M
 Large Page Support: Disabled
 NUMA Support: Disabled
 Compressed Oops: Enabled (32-bit)
 Heap Region Size: 1M
 Heap Min Capacity: 8M
 Heap Initial Capacity: 62M
 Heap Max Capacity: 978M
 Pre-touch: Disabled
 Parallel Workers: 2
 Concurrent Workers: 1
 Concurrent Refinement Workers: 2
 Periodic GC: Disabled

Heap:
 garbage-first heap   total 40960K, used 29146K [0x00000000c2e00000, 0x0000000100000000)
  region size 1024K, 18 young (18432K), 2 survivors (2048K)
 Metaspace       used 33473K, committed 33920K, reserved 1114112K
  class space    used 4219K, committed 4416K, reserved 1048576K

Heap Regions: E=young(eden), S=young(survivor), O=old, HS=humongous(starts), HC=humongous(continues), CS=collection set, F=free, TAMS=top-at-mark-start, PB=parsable bottom
|   0|0x00000000c2e00000, 0x00000000c2f00000, 0x00000000c2f00000|100%| O|  |TAMS 0x00000000c2e00000| PB 0x00000000c2e00000| Untracked 
|   1|0x00000000c2f00000, 0x00000000c3000000, 0x00000000c3000000|100%| O|  |TAMS 0x00000000c2f00000| PB 0x00000000c2f00000| Untracked 
|   2|0x00000000c3000000, 0x00000000c3100000, 0x00000000c3100000|100%| O|  |TAMS 0x00000000c3000000| PB 0x00000000c3000000| Untracked 
|   3|0x00000000c3100000, 0x00000000c3200000, 0x00000000c3200000|100%| O|  |TAMS 0x00000000c3100000| PB 0x00000000c3100000| Untracked 
|   4|0x00000000c3200000, 0x00000000c3300000, 0x00000000c3300000|100%| O|  |TAMS 0x00000000c3200000| PB 0x00000000c3200000| Untracked 
|   5|0x00000000c3300000, 0x00000000c3400000, 0x00000000c3400000|100%| O|  |TAMS 0x00000000c3300000| PB 0x00000000c3300000| Untracked 
|   6|0x00000000c3400000, 0x00000000c3400000, 0x00000000c3500000|  0%| F|  |TAMS 0x00000000c3400000| PB 0x00000000c3400000| Untracked 
|   7|0x00000000c3500000, 0x00000000c3600000, 0x00000000c3600000|100%| O|  |TAMS 0x00000000c3500000| PB 0x00000000c3500000| Untracked 
|   8|0x00000000c3600000, 0x00000000c3700000, 0x00000000c3700000|100%| O|  |TAMS 0x00000000c3600000| PB 0x00000000c3600000| Untracked 
|   9|0x00000000c3700000, 0x00000000c37de1b0, 0x00000000c3800000| 86%| O|  |TAMS 0x00000000c3700000| PB 0x00000000c3700000| Untracked 
|  10|0x00000000c3800000, 0x00000000c3900000, 0x00000000c3900000|100%| O|  |TAMS 0x00000000c3800000| PB 0x00000000c3800000| Untracked 
|  11|0x00000000c3900000, 0x00000000c3a00000, 0x00000000c3a00000|100%| O|  |TAMS 0x00000000c3900000| PB 0x00000000c3900000| Untracked 
|  12|0x00000000c3a00000, 0x00000000c3b00000, 0x00000000c3b00000|100%| O|  |TAMS 0x00000000c3a00000| PB 0x00000000c3a00000| Untracked 
|  13|0x00000000c3b00000, 0x00000000c3b00000, 0x00000000c3c00000|  0%| F|  |TAMS 0x00000000c3b00000| PB 0x00000000c3b00000| Untracked 
|  14|0x00000000c3c00000, 0x00000000c3c00000, 0x00000000c3d00000|  0%| F|  |TAMS 0x00000000c3c00000| PB 0x00000000c3c00000| Untracked 
|  15|0x00000000c3d00000, 0x00000000c3d00000, 0x00000000c3e00000|  0%| F|  |TAMS 0x00000000c3d00000| PB 0x00000000c3d00000| Untracked 
|  16|0x00000000c3e00000, 0x00000000c3e98840, 0x00000000c3f00000| 59%| O|  |TAMS 0x00000000c3e00000| PB 0x00000000c3e00000| Untracked 
|  17|0x00000000c3f00000, 0x00000000c3f00000, 0x00000000c4000000|  0%| F|  |TAMS 0x00000000c3f00000| PB 0x00000000c3f00000| Untracked 
|  18|0x00000000c4000000, 0x00000000c4100000, 0x00000000c4100000|100%| S|CS|TAMS 0x00000000c4000000| PB 0x00000000c4000000| Complete 
|  19|0x00000000c4100000, 0x00000000c4200000, 0x00000000c4200000|100%| S|CS|TAMS 0x00000000c4100000| PB 0x00000000c4100000| Complete 
|  20|0x00000000c4200000, 0x00000000c4200000, 0x00000000c4300000|  0%| F|  |TAMS 0x00000000c4200000| PB 0x00000000c4200000| Untracked 
|  21|0x00000000c4300000, 0x00000000c4300000, 0x00000000c4400000|  0%| F|  |TAMS 0x00000000c4300000| PB 0x00000000c4300000| Untracked 
|  22|0x00000000c4400000, 0x00000000c4400000, 0x00000000c4500000|  0%| F|  |TAMS 0x00000000c4400000| PB 0x00000000c4400000| Untracked 
|  23|0x00000000c4500000, 0x00000000c4500000, 0x00000000c4600000|  0%| F|  |TAMS 0x00000000c4500000| PB 0x00000000c4500000| Untracked 
|  24|0x00000000c4600000, 0x00000000c46d7fb0, 0x00000000c4700000| 84%| E|  |TAMS 0x00000000c4600000| PB 0x00000000c4600000| Complete 
|  25|0x00000000c4700000, 0x00000000c4800000, 0x00000000c4800000|100%| E|CS|TAMS 0x00000000c4700000| PB 0x00000000c4700000| Complete 
|  26|0x00000000c4800000, 0x00000000c4900000, 0x00000000c4900000|100%| E|CS|TAMS 0x00000000c4800000| PB 0x00000000c4800000| Complete 
|  27|0x00000000c4900000, 0x00000000c4a00000, 0x00000000c4a00000|100%| E|  |TAMS 0x00000000c4900000| PB 0x00000000c4900000| Complete 
|  28|0x00000000c4a00000, 0x00000000c4b00000, 0x00000000c4b00000|100%| E|CS|TAMS 0x00000000c4a00000| PB 0x00000000c4a00000| Complete 
|  29|0x00000000c4b00000, 0x00000000c4c00000, 0x00000000c4c00000|100%| E|CS|TAMS 0x00000000c4b00000| PB 0x00000000c4b00000| Complete 
|  30|0x00000000c4c00000, 0x00000000c4d00000, 0x00000000c4d00000|100%| E|CS|TAMS 0x00000000c4c00000| PB 0x00000000c4c00000| Complete 
|  31|0x00000000c4d00000, 0x00000000c4e00000, 0x00000000c4e00000|100%| E|CS|TAMS 0x00000000c4d00000| PB 0x00000000c4d00000| Complete 
|  32|0x00000000c4e00000, 0x00000000c4f00000, 0x00000000c4f00000|100%| E|CS|TAMS 0x00000000c4e00000| PB 0x00000000c4e00000| Complete 
|  33|0x00000000c4f00000, 0x00000000c5000000, 0x00000000c5000000|100%| E|CS|TAMS 0x00000000c4f00000| PB 0x00000000c4f00000| Complete 
|  34|0x00000000c5000000, 0x00000000c5100000, 0x00000000c5100000|100%| E|CS|TAMS 0x00000000c5000000| PB 0x00000000c5000000| Complete 
|  35|0x00000000c5100000, 0x00000000c5200000, 0x00000000c5200000|100%| E|CS|TAMS 0x00000000c5100000| PB 0x00000000c5100000| Complete 
|  36|0x00000000c5200000, 0x00000000c5300000, 0x00000000c5300000|100%| E|CS|TAMS 0x00000000c5200000| PB 0x00000000c5200000| Complete 
|  37|0x00000000c5300000, 0x00000000c5400000, 0x00000000c5400000|100%| E|CS|TAMS 0x00000000c5300000| PB 0x00000000c5300000| Complete 
|  57|0x00000000c6700000, 0x00000000c6800000, 0x00000000c6800000|100%| E|CS|TAMS 0x00000000c6700000| PB 0x00000000c6700000| Complete 
|  61|0x00000000c6b00000, 0x00000000c6c00000, 0x00000000c6c00000|100%| E|CS|TAMS 0x00000000c6b00000| PB 0x00000000c6b00000| Complete 

Card table byte_map: [0x000002895f4d0000,0x000002895f6c0000] _byte_map_base: 0x000002895eeb9000

Marking Bits: (CMBitMap*) 0x000002895f745620
 Bits: [0x0000028976b90000, 0x0000028977ad8000)

Polling page: 0x000002895d690000

Metaspace:

Usage:
  Non-class:     28.57 MB used.
      Class:      4.12 MB used.
       Both:     32.69 MB used.

Virtual space:
  Non-class space:       64.00 MB reserved,      28.81 MB ( 45%) committed,  1 nodes.
      Class space:        1.00 GB reserved,       4.31 MB ( <1%) committed,  1 nodes.
             Both:        1.06 GB reserved,      33.12 MB (  3%) committed. 

Chunk freelists:
   Non-Class:  2.25 MB
       Class:  11.50 MB
        Both:  13.75 MB

MaxMetaspaceSize: unlimited
CompressedClassSpaceSize: 1.00 GB
Initial GC threshold: 21.00 MB
Current GC threshold: 35.12 MB
CDS: on
 - commit_granule_bytes: 65536.
 - commit_granule_words: 8192.
 - virtual_space_node_default_size: 8388608.
 - enlarge_chunks_in_place: 1.
 - use_allocation_guard: 0.


Internal statistics:

num_allocs_failed_limit: 3.
num_arena_births: 632.
num_arena_deaths: 0.
num_vsnodes_births: 2.
num_vsnodes_deaths: 0.
num_space_committed: 530.
num_space_uncommitted: 0.
num_chunks_returned_to_freelist: 3.
num_chunks_taken_from_freelist: 1864.
num_chunk_merges: 3.
num_chunk_splits: 1251.
num_chunks_enlarged: 887.
num_inconsistent_stats: 0.

CodeHeap 'non-profiled nmethods': size=120064Kb used=2131Kb max_used=2131Kb free=117932Kb
 bounds [0x000002896f650000, 0x000002896f8c0000, 0x0000028976b90000]
CodeHeap 'profiled nmethods': size=120000Kb used=8878Kb max_used=8878Kb free=111121Kb
 bounds [0x0000028967b90000, 0x0000028968440000, 0x000002896f0c0000]
CodeHeap 'non-nmethods': size=5696Kb used=1525Kb max_used=1537Kb free=4170Kb
 bounds [0x000002896f0c0000, 0x000002896f330000, 0x000002896f650000]
 total_blobs=4897 nmethods=4306 adapters=496
 compilation: enabled
              stopped_count=0, restarted_count=0
 full_count=0

Compilation events (20 events):
Event: 109.448 Thread 0x0000028979e368d0 nmethod 4276 0x000002896842e310 code [0x000002896842e4c0, 0x000002896842e788]
Event: 109.448 Thread 0x0000028979e368d0 4277       3       java.util.ArrayList::checkForComodification (17 bytes)
Event: 109.448 Thread 0x0000028979e368d0 nmethod 4277 0x000002896842e890 code [0x000002896842ea40, 0x000002896842ec60]
Event: 109.448 Thread 0x0000028979e368d0 4278       1       java.util.concurrent.atomic.AtomicReference::get (5 bytes)
Event: 109.449 Thread 0x0000028979e368d0 nmethod 4278 0x000002896f861e10 code [0x000002896f861fa0, 0x000002896f862068]
Event: 109.449 Thread 0x0000028979e35e30 4279       4       java.lang.invoke.MethodType::<init> (15 bytes)
Event: 109.451 Thread 0x0000028979e35e30 nmethod 4279 0x000002896f862110 code [0x000002896f8622a0, 0x000002896f8624f8]
Event: 109.452 Thread 0x0000028979e35e30 4280       4       java.lang.invoke.MethodType::makeImpl (109 bytes)
Event: 109.454 Thread 0x0000028979e368d0 4281       3       java.util.Arrays$ArrayList::get (7 bytes)
Event: 109.454 Thread 0x0000028979e368d0 nmethod 4281 0x000002896842ed90 code [0x000002896842ef40, 0x000002896842f078]
Event: 109.467 Thread 0x0000028979e368d0 4284       1       com.fasterxml.jackson.databind.JavaType::getRawClass (5 bytes)
Event: 109.467 Thread 0x0000028979e368d0 nmethod 4284 0x000002896f862590 code [0x000002896f862720, 0x000002896f8627e8]
Event: 109.468 Thread 0x0000028979e368d0 4285       3       org.springframework.util.MimeType::isWildcardSubtype (29 bytes)
Event: 109.468 Thread 0x0000028979e368d0 nmethod 4285 0x000002896842f190 code [0x000002896842f360, 0x000002896842f690]
Event: 109.475 Thread 0x0000028979e368d0 4286       1       org.springframework.util.ConcurrentLruCache$Node::setPrevious (6 bytes)
Event: 109.475 Thread 0x0000028979e368d0 nmethod 4286 0x000002896f862890 code [0x000002896f862a20, 0x000002896f862b30]
Event: 109.475 Thread 0x0000028979e368d0 4287       1       org.springframework.util.ConcurrentLruCache$Node::setNext (6 bytes)
Event: 109.475 Thread 0x0000028979e368d0 nmethod 4287 0x000002896f862b90 code [0x000002896f862d20, 0x000002896f862e30]
Event: 109.477 Thread 0x0000028979e368d0 4289   !   3       java.io.StringReader::read (52 bytes)
Event: 109.478 Thread 0x0000028979e368d0 nmethod 4289 0x000002896842f790 code [0x000002896842f9c0, 0x0000028968430280]

GC Heap History (16 events):
Event: 1.226 GC heap before
{Heap before GC invocations=0 (full 0):
 garbage-first heap   total 63488K, used 6144K [0x00000000c2e00000, 0x0000000100000000)
  region size 1024K, 6 young (6144K), 0 survivors (0K)
 Metaspace       used 1409K, committed 1536K, reserved 1114112K
  class space    used 113K, committed 192K, reserved 1048576K
}
Event: 1.233 GC heap after
{Heap after GC invocations=1 (full 0):
 garbage-first heap   total 63488K, used 2739K [0x00000000c2e00000, 0x0000000100000000)
  region size 1024K, 1 young (1024K), 1 survivors (1024K)
 Metaspace       used 1409K, committed 1536K, reserved 1114112K
  class space    used 113K, committed 192K, reserved 1048576K
}
Event: 1.500 GC heap before
{Heap before GC invocations=1 (full 0):
 garbage-first heap   total 63488K, used 5811K [0x00000000c2e00000, 0x0000000100000000)
  region size 1024K, 5 young (5120K), 1 survivors (1024K)
 Metaspace       used 2655K, committed 2816K, reserved 1114112K
  class space    used 272K, committed 384K, reserved 1048576K
}
Event: 1.504 GC heap after
{Heap after GC invocations=2 (full 0):
 garbage-first heap   total 63488K, used 3559K [0x00000000c2e00000, 0x0000000100000000)
  region size 1024K, 1 young (1024K), 1 survivors (1024K)
 Metaspace       used 2655K, committed 2816K, reserved 1114112K
  class space    used 272K, committed 384K, reserved 1048576K
}
Event: 1.961 GC heap before
{Heap before GC invocations=2 (full 0):
 garbage-first heap   total 63488K, used 10727K [0x00000000c2e00000, 0x0000000100000000)
  region size 1024K, 9 young (9216K), 1 survivors (1024K)
 Metaspace       used 5336K, committed 5568K, reserved 1114112K
  class space    used 625K, committed 704K, reserved 1048576K
}
Event: 1.964 GC heap after
{Heap after GC invocations=3 (full 0):
 garbage-first heap   total 63488K, used 4192K [0x00000000c2e00000, 0x0000000100000000)
  region size 1024K, 2 young (2048K), 2 survivors (2048K)
 Metaspace       used 5336K, committed 5568K, reserved 1114112K
  class space    used 625K, committed 704K, reserved 1048576K
}
Event: 5.010 GC heap before
{Heap before GC invocations=3 (full 0):
 garbage-first heap   total 63488K, used 40032K [0x00000000c2e00000, 0x0000000100000000)
  region size 1024K, 37 young (37888K), 2 survivors (2048K)
 Metaspace       used 14809K, committed 15104K, reserved 1114112K
  class space    used 1852K, committed 1984K, reserved 1048576K
}
Event: 5.022 GC heap after
{Heap after GC invocations=4 (full 0):
 garbage-first heap   total 63488K, used 7315K [0x00000000c2e00000, 0x0000000100000000)
  region size 1024K, 5 young (5120K), 5 survivors (5120K)
 Metaspace       used 14809K, committed 15104K, reserved 1114112K
  class space    used 1852K, committed 1984K, reserved 1048576K
}
Event: 7.512 GC heap before
{Heap before GC invocations=4 (full 0):
 garbage-first heap   total 63488K, used 40083K [0x00000000c2e00000, 0x0000000100000000)
  region size 1024K, 37 young (37888K), 5 survivors (5120K)
 Metaspace       used 20244K, committed 20608K, reserved 1114112K
  class space    used 2482K, committed 2688K, reserved 1048576K
}
Event: 7.531 GC heap after
{Heap after GC invocations=5 (full 0):
 garbage-first heap   total 63488K, used 10640K [0x00000000c2e00000, 0x0000000100000000)
  region size 1024K, 4 young (4096K), 4 survivors (4096K)
 Metaspace       used 20244K, committed 20608K, reserved 1114112K
  class space    used 2482K, committed 2688K, reserved 1048576K
}
Event: 7.913 GC heap before
{Heap before GC invocations=5 (full 0):
 garbage-first heap   total 63488K, used 13712K [0x00000000c2e00000, 0x0000000100000000)
  region size 1024K, 8 young (8192K), 4 survivors (4096K)
 Metaspace       used 21195K, committed 21504K, reserved 1114112K
  class space    used 2592K, committed 2752K, reserved 1048576K
}
Event: 7.923 GC heap after
{Heap after GC invocations=6 (full 0):
 garbage-first heap   total 63488K, used 11070K [0x00000000c2e00000, 0x0000000100000000)
  region size 1024K, 1 young (1024K), 1 survivors (1024K)
 Metaspace       used 21195K, committed 21504K, reserved 1114112K
  class space    used 2592K, committed 2752K, reserved 1048576K
}
Event: 11.023 GC heap before
{Heap before GC invocations=7 (full 0):
 garbage-first heap   total 40960K, used 34622K [0x00000000c2e00000, 0x0000000100000000)
  region size 1024K, 24 young (24576K), 1 survivors (1024K)
 Metaspace       used 25675K, committed 26176K, reserved 1114112K
  class space    used 3214K, committed 3456K, reserved 1048576K
}
Event: 11.037 GC heap after
{Heap after GC invocations=8 (full 0):
 garbage-first heap   total 40960K, used 12853K [0x00000000c2e00000, 0x0000000100000000)
  region size 1024K, 3 young (3072K), 3 survivors (3072K)
 Metaspace       used 25675K, committed 26176K, reserved 1114112K
  class space    used 3214K, committed 3456K, reserved 1048576K
}
Event: 106.735 GC heap before
{Heap before GC invocations=8 (full 0):
 garbage-first heap   total 40960K, used 32309K [0x00000000c2e00000, 0x0000000100000000)
  region size 1024K, 23 young (23552K), 3 survivors (3072K)
 Metaspace       used 29263K, committed 29760K, reserved 1114112K
  class space    used 3682K, committed 3904K, reserved 1048576K
}
Event: 106.754 GC heap after
{Heap after GC invocations=9 (full 0):
 garbage-first heap   total 40960K, used 14810K [0x00000000c2e00000, 0x0000000100000000)
  region size 1024K, 2 young (2048K), 2 survivors (2048K)
 Metaspace       used 29263K, committed 29760K, reserved 1114112K
  class space    used 3682K, committed 3904K, reserved 1048576K
}

Dll operation events (10 events):
Event: 0.055 Loaded shared library C:\Program Files\Java\jdk-21\bin\java.dll
Event: 0.406 Loaded shared library C:\Program Files\Java\jdk-21\bin\jsvml.dll
Event: 0.539 Loaded shared library C:\Program Files\Java\jdk-21\bin\net.dll
Event: 0.543 Loaded shared library C:\Program Files\Java\jdk-21\bin\nio.dll
Event: 0.549 Loaded shared library C:\Program Files\Java\jdk-21\bin\zip.dll
Event: 1.130 Loaded shared library C:\Program Files\Java\jdk-21\bin\jimage.dll
Event: 1.684 Loaded shared library C:\Program Files\Java\jdk-21\bin\management.dll
Event: 1.698 Loaded shared library C:\Program Files\Java\jdk-21\bin\management_ext.dll
Event: 5.670 Loaded shared library C:\Program Files\Java\jdk-21\bin\sunmscapi.dll
Event: 13.401 Loaded shared library C:\Program Files\Java\jdk-21\bin\extnet.dll

Deoptimization events (20 events):
Event: 107.717 Thread 0x000002897f7f30a0 DEOPT PACKING pc=0x000002896f732964 sp=0x000000ac4abfcea0
Event: 107.717 Thread 0x000002897f7f30a0 DEOPT UNPACKING pc=0x000002896f11469c sp=0x000000ac4abfce60 mode 2
Event: 107.845 Thread 0x000002897f7f30a0 DEOPT PACKING pc=0x00000289683e8155 sp=0x000000ac4abfcc30
Event: 107.845 Thread 0x000002897f7f30a0 DEOPT UNPACKING pc=0x000002896f114e23 sp=0x000000ac4abfc0b8 mode 0
Event: 107.846 Thread 0x000002897f7f30a0 Uncommon trap: trap_request=0xffffff45 fr.pc=0x000002896f657c38 relative=0x0000000000000198
Event: 107.846 Thread 0x000002897f7f30a0 Uncommon trap: reason=unstable_if action=reinterpret pc=0x000002896f657c38 method=java.lang.StringCoding.countPositives([BII)I @ 17 c2
Event: 107.846 Thread 0x000002897f7f30a0 DEOPT PACKING pc=0x000002896f657c38 sp=0x000000ac4abfcc00
Event: 107.846 Thread 0x000002897f7f30a0 DEOPT UNPACKING pc=0x000002896f11469c sp=0x000000ac4abfcbc0 mode 2
Event: 107.868 Thread 0x000002897f7f30a0 Uncommon trap: trap_request=0xffffff6e fr.pc=0x000002896f85bb08 relative=0x0000000000000388
Event: 107.868 Thread 0x000002897f7f30a0 Uncommon trap: reason=loop_limit_check action=maybe_recompile pc=0x000002896f85bb08 method=org.attoparser.util.TextUtil.equals(Z[CII[CII)Z @ 68 c2
Event: 107.868 Thread 0x000002897f7f30a0 DEOPT PACKING pc=0x000002896f85bb08 sp=0x000000ac4abfd430
Event: 107.868 Thread 0x000002897f7f30a0 DEOPT UNPACKING pc=0x000002896f11469c sp=0x000000ac4abfd3d0 mode 2
Event: 109.412 Thread 0x000002897f7f3dc0 Uncommon trap: trap_request=0xffffff54 fr.pc=0x000002896f7047c0 relative=0x0000000000003f60
Event: 109.412 Thread 0x000002897f7f3dc0 Uncommon trap: reason=speculate_null_assert action=make_not_entrant pc=0x000002896f7047c0 method=java.lang.invoke.MethodType$ConcurrentWeakInternSet.add(Ljava/lang/Object;)Ljava/lang/Object; @ 47 c2
Event: 109.412 Thread 0x000002897f7f3dc0 DEOPT PACKING pc=0x000002896f7047c0 sp=0x000000ac4aefcd30
Event: 109.412 Thread 0x000002897f7f3dc0 DEOPT UNPACKING pc=0x000002896f11469c sp=0x000000ac4aefccd8 mode 2
Event: 109.432 Thread 0x000002897f7f3dc0 Uncommon trap: trap_request=0xffffff45 fr.pc=0x000002896f7ef8f0 relative=0x00000000000006f0
Event: 109.432 Thread 0x000002897f7f3dc0 Uncommon trap: reason=unstable_if action=reinterpret pc=0x000002896f7ef8f0 method=java.util.concurrent.ConcurrentMap.computeIfAbsent(Ljava/lang/Object;Ljava/util/function/Function;)Ljava/lang/Object; @ 41 c2
Event: 109.432 Thread 0x000002897f7f3dc0 DEOPT PACKING pc=0x000002896f7ef8f0 sp=0x000000ac4aefd1c0
Event: 109.432 Thread 0x000002897f7f3dc0 DEOPT UNPACKING pc=0x000002896f11469c sp=0x000000ac4aefd198 mode 2

Classes loaded (20 events):
Event: 109.422 Loading class java/util/stream/ReferencePipeline$4
Event: 109.422 Loading class java/util/stream/ReferencePipeline$4 done
Event: 109.422 Loading class java/util/function/IntBinaryOperator
Event: 109.423 Loading class java/util/function/IntBinaryOperator done
Event: 109.423 Loading class java/util/stream/ReduceOps$7
Event: 109.424 Loading class java/util/stream/ReduceOps$7 done
Event: 109.424 Loading class java/util/stream/ReduceOps$6ReducingSink
Event: 109.424 Loading class java/util/stream/ReduceOps$6ReducingSink done
Event: 109.424 Loading class java/util/stream/ReferencePipeline$4$1
Event: 109.424 Loading class java/util/stream/ReferencePipeline$4$1 done
Event: 109.439 Loading class java/lang/Throwable$WrappedPrintWriter
Event: 109.439 Loading class java/lang/Throwable$PrintStreamOrWriter
Event: 109.439 Loading class java/lang/Throwable$PrintStreamOrWriter done
Event: 109.439 Loading class java/lang/Throwable$WrappedPrintWriter done
Event: 109.452 Loading class java/util/OptionalLong
Event: 109.452 Loading class java/util/OptionalLong done
Event: 109.452 Loading class java/util/OptionalDouble
Event: 109.452 Loading class java/util/OptionalDouble done
Event: 109.471 Loading class java/util/AbstractMap$SimpleEntry
Event: 109.472 Loading class java/util/AbstractMap$SimpleEntry done

Classes unloaded (0 events):
No events

Classes redefined (0 events):
No events

Internal exceptions (20 events):
Event: 8.367 Thread 0x000002897e6df3b0 Exception <a 'java/lang/NoSuchMethodError'{0x00000000c4f02e90}: 'java.lang.Object java.lang.invoke.DirectMethodHandle$Holder.newInvokeSpecial(java.lang.Object, java.lang.Object, java.lang.Object, int)'> (0x00000000c4f02e90) 
thrown [s\open\src\hotspot\share\interpreter\linkResolver.cpp, line 773]
Event: 8.367 Thread 0x000002897e6df3b0 Exception <a 'java/lang/NoSuchMethodError'{0x00000000c4f06d10}: 'java.lang.Object java.lang.invoke.DirectMethodHandle$Holder.invokeSpecial(java.lang.Object, java.lang.Object, java.lang.Object, java.lang.Object, int)'> (0x00000000c4f06d10) 
thrown [s\open\src\hotspot\share\interpreter\linkResolver.cpp, line 773]
Event: 8.398 Thread 0x000002897e6df3b0 Exception <a 'java/lang/NoSuchMethodError'{0x00000000c4f0a198}: 'java.lang.Object java.lang.invoke.Invokers$Holder.linkToTargetMethod(java.lang.Object, java.lang.Object, int, java.lang.Object)'> (0x00000000c4f0a198) 
thrown [s\open\src\hotspot\share\interpreter\linkResolver.cpp, line 773]
Event: 8.642 Thread 0x000002897e6df3b0 Exception <a 'java/lang/NoSuchMethodError'{0x00000000c4c73d58}: 'java.lang.Object java.lang.invoke.DirectMethodHandle$Holder.invokeStaticInit(java.lang.Object, int, int, int, int)'> (0x00000000c4c73d58) 
thrown [s\open\src\hotspot\share\interpreter\linkResolver.cpp, line 773]
Event: 8.845 Thread 0x000002897e6df3b0 Exception <a 'java/lang/NoSuchMethodError'{0x00000000c4b379e0}: 'java.lang.Object java.lang.invoke.DirectMethodHandle$Holder.invokeStaticInit(java.lang.Object, java.lang.Object, int, int, int, int)'> (0x00000000c4b379e0) 
thrown [s\open\src\hotspot\share\interpreter\linkResolver.cpp, line 773]
Event: 10.350 Thread 0x000002897e6df3b0 Exception <a 'java/lang/NoSuchMethodError'{0x00000000c46f5488}: 'int java.lang.invoke.DirectMethodHandle$Holder.invokeVirtual(java.lang.Object, java.lang.Object, java.lang.Object, java.lang.Object)'> (0x00000000c46f5488) 
thrown [s\open\src\hotspot\share\interpreter\linkResolver.cpp, line 773]
Event: 10.350 Thread 0x000002897e6df3b0 Exception <a 'java/lang/NoSuchMethodError'{0x00000000c46f8ef0}: 'int java.lang.invoke.DelegatingMethodHandle$Holder.reinvoke_L(java.lang.Object, java.lang.Object, java.lang.Object, java.lang.Object)'> (0x00000000c46f8ef0) 
thrown [s\open\src\hotspot\share\interpreter\linkResolver.cpp, line 773]
Event: 10.537 Thread 0x000002897e6df3b0 Exception <a 'java/io/FileNotFoundException'{0x00000000c45f1520}> (0x00000000c45f1520) 
thrown [s\open\src\hotspot\share\prims\jni.cpp, line 520]
Event: 10.632 Thread 0x000002897e6df3b0 Exception <a 'java/lang/NoSuchMethodError'{0x00000000c4392370}: 'int java.lang.invoke.DirectMethodHandle$Holder.invokeInterface(java.lang.Object, java.lang.Object, java.lang.Object, java.lang.Object)'> (0x00000000c4392370) 
thrown [s\open\src\hotspot\share\interpreter\linkResolver.cpp, line 773]
Event: 10.785 Thread 0x000002897e6df3b0 Exception <a 'java/lang/NoSuchMethodError'{0x00000000c413acb8}: 'long java.lang.invoke.DirectMethodHandle$Holder.invokeVirtual(java.lang.Object, java.lang.Object)'> (0x00000000c413acb8) 
thrown [s\open\src\hotspot\share\interpreter\linkResolver.cpp, line 773]
Event: 10.793 Thread 0x000002897e6df3b0 Exception <a 'java/io/FileNotFoundException'{0x00000000c4163b50}> (0x00000000c4163b50) 
thrown [s\open\src\hotspot\share\prims\jni.cpp, line 520]
Event: 11.001 Thread 0x000002897e6df3b0 Exception <a 'java/lang/NoSuchMethodError'{0x00000000c3ec6870}: 'java.lang.Object java.lang.invoke.DirectMethodHandle$Holder.newInvokeSpecial(java.lang.Object, java.lang.Object, java.lang.Object, java.lang.Object, java.lang.Object, java.lang.Object, java.lang.Object, java.lang.Object)'> (0x00000000c3ec6870) 
thrown [s\open\src\hotspot\share\interpreter\linkResolver.cpp, line 773]
Event: 11.658 Thread 0x000002897e6df3b0 Exception <a 'java/lang/IncompatibleClassChangeError'{0x00000000c4fd3890}: Found class java.lang.Object, but interface was expected> (0x00000000c4fd3890) 
thrown [s\open\src\hotspot\share\interpreter\linkResolver.cpp, line 840]
Event: 11.714 Thread 0x000002897e6df3b0 Exception <a 'java/lang/NoSuchMethodError'{0x00000000c4d09ed0}: 'void java.lang.invoke.DirectMethodHandle$Holder.invokeVirtual(java.lang.Object, java.lang.Object, long)'> (0x00000000c4d09ed0) 
thrown [s\open\src\hotspot\share\interpreter\linkResolver.cpp, line 773]
Event: 11.799 Thread 0x000002897e6df3b0 Exception <a 'java/lang/NoSuchMethodError'{0x00000000c4b36558}: 'int java.lang.invoke.DirectMethodHandle$Holder.invokeStaticInit(java.lang.Object, java.lang.Object, java.lang.Object, java.lang.Object)'> (0x00000000c4b36558) 
thrown [s\open\src\hotspot\share\interpreter\linkResolver.cpp, line 773]
Event: 13.507 Thread 0x000002897e6df3b0 Exception <a 'java/lang/NoSuchMethodError'{0x00000000c4660fb0}: 'java.lang.Object java.lang.invoke.DirectMethodHandle$Holder.newInvokeSpecial(java.lang.Object, java.lang.Object, int, java.lang.Object, java.lang.Object)'> (0x00000000c4660fb0) 
thrown [s\open\src\hotspot\share\interpreter\linkResolver.cpp, line 773]
Event: 106.841 Thread 0x000002897f7f30a0 Exception <a 'java/lang/NoSuchMethodError'{0x00000000c6782580}: 'java.lang.Object java.lang.invoke.DirectMethodHandle$Holder.invokeSpecial(java.lang.Object, java.lang.Object, java.lang.Object, java.lang.Object, java.lang.Object, long)'> (0x00000000c6782580) 
thrown [s\open\src\hotspot\share\interpreter\linkResolver.cpp, line 773]
Event: 106.842 Thread 0x000002897f7f30a0 Exception <a 'java/lang/NoSuchMethodError'{0x00000000c6785fa0}: 'java.lang.Object java.lang.invoke.Invokers$Holder.linkToTargetMethod(java.lang.Object, java.lang.Object, java.lang.Object, long, java.lang.Object)'> (0x00000000c6785fa0) 
thrown [s\open\src\hotspot\share\interpreter\linkResolver.cpp, line 773]
Event: 107.193 Thread 0x000002897f7f30a0 Exception <a 'java/lang/NoSuchMethodError'{0x00000000c51430e8}: 'int java.lang.invoke.DirectMethodHandle$Holder.invokeVirtual(java.lang.Object, java.lang.Object, java.lang.Object)'> (0x00000000c51430e8) 
thrown [s\open\src\hotspot\share\interpreter\linkResolver.cpp, line 773]
Event: 108.853 Thread 0x000002897f7f3dc0 Exception <a 'java/lang/NoSuchMethodError'{0x00000000c49b5a68}: 'java.lang.Object java.lang.invoke.DirectMethodHandle$Holder.invokeStatic(java.lang.Object, int, int)'> (0x00000000c49b5a68) 
thrown [s\open\src\hotspot\share\interpreter\linkResolver.cpp, line 773]

ZGC Phase Switch (0 events):
No events

VM Operations (20 events):
Event: 76.200 Executing VM operation: Cleanup
Event: 76.200 Executing VM operation: Cleanup done
Event: 83.228 Executing VM operation: Cleanup
Event: 83.228 Executing VM operation: Cleanup done
Event: 84.242 Executing VM operation: Cleanup
Event: 84.243 Executing VM operation: Cleanup done
Event: 102.395 Executing VM operation: Cleanup
Event: 102.395 Executing VM operation: Cleanup done
Event: 106.735 Executing VM operation: G1CollectForAllocation (G1 Evacuation Pause)
Event: 106.754 Executing VM operation: G1CollectForAllocation (G1 Evacuation Pause) done
Event: 106.902 Executing VM operation: HandshakeAllThreads (Deoptimize)
Event: 106.902 Executing VM operation: HandshakeAllThreads (Deoptimize) done
Event: 107.187 Executing VM operation: HandshakeAllThreads (Deoptimize)
Event: 107.187 Executing VM operation: HandshakeAllThreads (Deoptimize) done
Event: 107.205 Executing VM operation: HandshakeAllThreads (Deoptimize)
Event: 107.205 Executing VM operation: HandshakeAllThreads (Deoptimize) done
Event: 107.355 Executing VM operation: HandshakeAllThreads (Deoptimize)
Event: 107.355 Executing VM operation: HandshakeAllThreads (Deoptimize) done
Event: 108.361 Executing VM operation: Cleanup
Event: 108.361 Executing VM operation: Cleanup done

Events (20 events):
Event: 12.064 Thread 0x000002897f7f0fd0 Thread added: 0x000002897f7f0fd0
Event: 13.411 Thread 0x000002897f7f3730 Thread added: 0x000002897f7f3730
Event: 13.444 Thread 0x000002897f7f1660 Thread added: 0x000002897f7f1660
Event: 13.445 Thread 0x000002897f7f3730 Thread exited: 0x000002897f7f3730
Event: 13.575 Thread 0x000002897f7f30a0 Thread added: 0x000002897f7f30a0
Event: 13.575 Thread 0x000002897f7f3730 Thread added: 0x000002897f7f3730
Event: 13.576 Thread 0x000002897f7f3dc0 Thread added: 0x000002897f7f3dc0
Event: 13.576 Thread 0x000002897f7f4450 Thread added: 0x000002897f7f4450
Event: 13.576 Thread 0x000002897f7f1cf0 Thread added: 0x000002897f7f1cf0
Event: 13.576 Thread 0x000002897f7f2a10 Thread added: 0x000002897f7f2a10
Event: 13.576 Thread 0x000002897f7f2380 Thread added: 0x000002897f7f2380
Event: 13.576 Thread 0x000002897f5c6f90 Thread added: 0x000002897f5c6f90
Event: 13.576 Thread 0x000002897f5ce5b0 Thread added: 0x000002897f5ce5b0
Event: 13.576 Thread 0x000002897f5c7620 Thread added: 0x000002897f5c7620
Event: 13.634 Thread 0x000002897f5cd890 Thread added: 0x000002897f5cd890
Event: 13.636 Thread 0x000002897f5c7cb0 Thread added: 0x000002897f5c7cb0
Event: 13.755 Thread 0x000002897e6df3b0 Thread exited: 0x000002897e6df3b0
Event: 13.758 Thread 0x000002897e71ad40 Thread exited: 0x000002897e71ad40
Event: 13.758 Thread 0x000002895f7074b0 Thread exited: 0x000002895f7074b0
Event: 13.758 Thread 0x000002897f5c8340 Thread added: 0x000002897f5c8340


Dynamic libraries:
0x00007ff7b1400000 - 0x00007ff7b1410000 	C:\Program Files\Java\jdk-21\bin\java.exe
0x00007ffc8bac0000 - 0x00007ffc8bcc9000 	C:\windows\SYSTEM32\ntdll.dll
0x00007ffc8a130000 - 0x00007ffc8a1ed000 	C:\windows\System32\KERNEL32.DLL
0x00007ffc893a0000 - 0x00007ffc89724000 	C:\windows\System32\KERNELBASE.dll
0x00007ffc89280000 - 0x00007ffc89391000 	C:\windows\System32\ucrtbase.dll
0x00007ffc58980000 - 0x00007ffc5899b000 	C:\Program Files\Java\jdk-21\bin\VCRUNTIME140.dll
0x00007ffc58c30000 - 0x00007ffc58c49000 	C:\Program Files\Java\jdk-21\bin\jli.dll
0x00007ffc8b690000 - 0x00007ffc8b73e000 	C:\windows\System32\ADVAPI32.dll
0x00007ffc8a2e0000 - 0x00007ffc8a383000 	C:\windows\System32\msvcrt.dll
0x00007ffc8a7b0000 - 0x00007ffc8a84e000 	C:\windows\System32\sechost.dll
0x00007ffc8a850000 - 0x00007ffc8a971000 	C:\windows\System32\RPCRT4.dll
0x00007ffc89980000 - 0x00007ffc89b2d000 	C:\windows\System32\USER32.dll
0x00007ffc891e0000 - 0x00007ffc89206000 	C:\windows\System32\win32u.dll
0x00007ffc8a9a0000 - 0x00007ffc8a9ca000 	C:\windows\System32\GDI32.dll
0x00007ffc88f50000 - 0x00007ffc8906e000 	C:\windows\System32\gdi32full.dll
0x00007ffc897b0000 - 0x00007ffc8984d000 	C:\windows\System32\msvcp_win.dll
0x00007ffc6a0b0000 - 0x00007ffc6a355000 	C:\windows\WinSxS\amd64_microsoft.windows.common-controls_6595b64144ccf1df_6.0.22000.120_none_9d947278b86cc467\COMCTL32.dll
0x00007ffc82940000 - 0x00007ffc8294a000 	C:\windows\SYSTEM32\VERSION.dll
0x00007ffc8a0f0000 - 0x00007ffc8a121000 	C:\windows\System32\IMM32.DLL
0x00007ffc76390000 - 0x00007ffc7639c000 	C:\Program Files\Java\jdk-21\bin\vcruntime140_1.dll
0x00007ffc47bd0000 - 0x00007ffc47c5e000 	C:\Program Files\Java\jdk-21\bin\msvcp140.dll
0x00007ffc39d60000 - 0x00007ffc3aa6d000 	C:\Program Files\Java\jdk-21\bin\server\jvm.dll
0x00007ffc89bc0000 - 0x00007ffc89c2f000 	C:\windows\System32\WS2_32.dll
0x00007ffc88e20000 - 0x00007ffc88e6d000 	C:\windows\SYSTEM32\POWRPROF.dll
0x00007ffc82560000 - 0x00007ffc82593000 	C:\windows\SYSTEM32\WINMM.dll
0x00007ffc88e00000 - 0x00007ffc88e13000 	C:\windows\SYSTEM32\UMPDC.dll
0x00007ffc87fc0000 - 0x00007ffc87fd8000 	C:\windows\SYSTEM32\kernel.appcore.dll
0x00007ffc73ac0000 - 0x00007ffc73aca000 	C:\Program Files\Java\jdk-21\bin\jimage.dll
0x00007ffc86b90000 - 0x00007ffc86db1000 	C:\windows\SYSTEM32\DBGHELP.DLL
0x00007ffc48ca0000 - 0x00007ffc48cd1000 	C:\windows\SYSTEM32\dbgcore.DLL
0x00007ffc89730000 - 0x00007ffc897af000 	C:\windows\System32\bcryptPrimitives.dll
0x00007ffc58920000 - 0x00007ffc5893f000 	C:\Program Files\Java\jdk-21\bin\java.dll
0x00007ffc8aa40000 - 0x00007ffc8b205000 	C:\windows\System32\SHELL32.dll
0x00007ffc87020000 - 0x00007ffc87882000 	C:\windows\SYSTEM32\windows.storage.dll
0x00007ffc89c30000 - 0x00007ffc89fa6000 	C:\windows\System32\combase.dll
0x00007ffc86eb0000 - 0x00007ffc87017000 	C:\windows\SYSTEM32\wintypes.dll
0x00007ffc8a680000 - 0x00007ffc8a76a000 	C:\windows\System32\SHCORE.dll
0x00007ffc89fb0000 - 0x00007ffc8a00d000 	C:\windows\System32\shlwapi.dll
0x00007ffc88e80000 - 0x00007ffc88ea5000 	C:\windows\SYSTEM32\profapi.dll
0x00007ffc470b0000 - 0x00007ffc47187000 	C:\Program Files\Java\jdk-21\bin\jsvml.dll
0x00007ffc6ee60000 - 0x00007ffc6ee70000 	C:\Program Files\Java\jdk-21\bin\net.dll
0x00007ffc81750000 - 0x00007ffc81864000 	C:\windows\SYSTEM32\WINHTTP.dll
0x00007ffc88470000 - 0x00007ffc884d7000 	C:\windows\system32\mswsock.dll
0x00007ffc58900000 - 0x00007ffc58916000 	C:\Program Files\Java\jdk-21\bin\nio.dll
0x00007ffc588e0000 - 0x00007ffc588f8000 	C:\Program Files\Java\jdk-21\bin\zip.dll
0x00007ffc6db00000 - 0x00007ffc6db0a000 	C:\Program Files\Java\jdk-21\bin\management.dll
0x00007ffc6b8b0000 - 0x00007ffc6b8bb000 	C:\Program Files\Java\jdk-21\bin\management_ext.dll
0x00007ffc8a790000 - 0x00007ffc8a798000 	C:\windows\System32\PSAPI.DLL
0x00007ffc6ab90000 - 0x00007ffc6ab9e000 	C:\Program Files\Java\jdk-21\bin\sunmscapi.dll
0x00007ffc89070000 - 0x00007ffc891d2000 	C:\windows\System32\CRYPT32.dll
0x00007ffc88800000 - 0x00007ffc88828000 	C:\windows\SYSTEM32\ncrypt.dll
0x00007ffc887c0000 - 0x00007ffc887f7000 	C:\windows\SYSTEM32\NTASN1.dll
0x00007ffc886b0000 - 0x00007ffc886c8000 	C:\windows\SYSTEM32\CRYPTSP.dll
0x00007ffc87f20000 - 0x00007ffc87f55000 	C:\windows\system32\rsaenh.dll
0x00007ffc88560000 - 0x00007ffc8858c000 	C:\windows\SYSTEM32\USERENV.dll
0x00007ffc88830000 - 0x00007ffc88857000 	C:\windows\SYSTEM32\bcrypt.dll
0x00007ffc886d0000 - 0x00007ffc886dc000 	C:\windows\SYSTEM32\CRYPTBASE.dll
0x00007ffc87b20000 - 0x00007ffc87b4d000 	C:\windows\SYSTEM32\IPHLPAPI.DLL
0x00007ffc8a7a0000 - 0x00007ffc8a7a9000 	C:\windows\System32\NSI.dll
0x00007ffc5f760000 - 0x00007ffc5f769000 	C:\Program Files\Java\jdk-21\bin\extnet.dll
0x00007ffc1a220000 - 0x00007ffc1a228000 	C:\windows\system32\wshunix.dll

dbghelp: loaded successfully - version: 4.0.5 - missing functions: none
symbol engine: initialized successfully - sym options: 0x614 - pdb path: .;C:\Program Files\Java\jdk-21\bin;C:\windows\SYSTEM32;C:\windows\WinSxS\amd64_microsoft.windows.common-controls_6595b64144ccf1df_6.0.22000.120_none_9d947278b86cc467;C:\Program Files\Java\jdk-21\bin\server

VM Arguments:
jvm_args: -XX:+ShowCodeDetailsInExceptionMessages 
java_command: co.edu.uniremington.gabrieladumar.ClientSofLuc.ClientSofLucApplication
java_class_path (initial): C:\Users\yirab\OneDrive\Escritorio\Lenguage Programacion 1\ClientSofLuc\target\classes;C:\Users\yirab\.m2\repository\org\springframework\boot\spring-boot-starter-thymeleaf\3.4.4\spring-boot-starter-thymeleaf-3.4.4.jar;C:\Users\yirab\.m2\repository\org\springframework\boot\spring-boot-starter\3.4.4\spring-boot-starter-3.4.4.jar;C:\Users\yirab\.m2\repository\org\springframework\boot\spring-boot-starter-logging\3.4.4\spring-boot-starter-logging-3.4.4.jar;C:\Users\yirab\.m2\repository\ch\qos\logback\logback-classic\1.5.18\logback-classic-1.5.18.jar;C:\Users\yirab\.m2\repository\ch\qos\logback\logback-core\1.5.18\logback-core-1.5.18.jar;C:\Users\yirab\.m2\repository\org\apache\logging\log4j\log4j-to-slf4j\2.24.3\log4j-to-slf4j-2.24.3.jar;C:\Users\yirab\.m2\repository\org\apache\logging\log4j\log4j-api\2.24.3\log4j-api-2.24.3.jar;C:\Users\yirab\.m2\repository\org\slf4j\jul-to-slf4j\2.0.17\jul-to-slf4j-2.0.17.jar;C:\Users\yirab\.m2\repository\jakarta\annotation\jakarta.annotation-api\2.1.1\jakarta.annotation-api-2.1.1.jar;C:\Users\yirab\.m2\repository\org\yaml\snakeyaml\2.3\snakeyaml-2.3.jar;C:\Users\yirab\.m2\repository\org\thymeleaf\thymeleaf-spring6\3.1.3.RELEASE\thymeleaf-spring6-3.1.3.RELEASE.jar;C:\Users\yirab\.m2\repository\org\thymeleaf\thymeleaf\3.1.3.RELEASE\thymeleaf-3.1.3.RELEASE.jar;C:\Users\yirab\.m2\repository\org\attoparser\attoparser\2.0.7.RELEASE\attoparser-2.0.7.RELEASE.jar;C:\Users\yirab\.m2\repository\org\unbescape\unbescape\1.1.6.RELEASE\unbescape-1.1.6.RELEASE.jar;C:\Users\yirab\.m2\repository\org\slf4j\slf4j-api\2.0.17\slf4j-api-2.0.17.jar;C:\Users\yirab\.m2\repository\org\springframework\boot\spring-boot-starter-web\3.4.4\spring-boot-starter-web-3.4.4.jar;C:\Users\yirab\.m2\repository\org\springframework\boot\spring-boot-starter-json\3.4.4\spring-boot-starter-json-3.4.4.jar;C:\Users\yirab\.m2\repository\com\fasterxml\jackson\core\jackson-databind\2.18.3\jackson-databind-2.18.3.jar;C:\Users\yirab\.m2\repository\com\fasterxml\jackson\core\jackson-annotations\2.18.3\jackson-annotations-2.18.3.jar;C:\Users\yirab\.m2\repository\com\fasterxml\jackson\core\jackson-core\2.18.3\jackson-core-2.18.3.jar;C:\Users\yirab\.m2\repository\com\fasterxml\jackson\datatype\jackson-datatype-jdk8\2.18.3\jackson-datatype-jdk8-2.18.3.jar;C:\Users\yirab\.m2\repository\com\fasterxml\jackson\datatype\jackson-datatype-jsr310\2.18.3\jackson-datatype-jsr310-2.18.3.jar;C:\Users\yirab\.m2\repository\com\fasterxml\jackson\module\jackson-module-parameter-names\2.18.3\jackson-module-parameter-names-2.18.3.jar;C:\Users\yirab\.m2\repository\org\springframework\boot\spring-boot-starter-tomcat\3.4.4\spring-boot-starter-tomcat-3.4.4.jar;C:\Users\yirab\.m2\repository\org\apache\tomcat\embed\tomcat-embed-core\10.1.39\tomcat-embed-core-10.1.39.jar;C:\Users\yirab\.m2\repository\org\apache\tomcat\embed\tomcat-embed-el\10.1.39\tomcat-embed-el-10.1.39.jar;C:\Users\yirab\.m2\repository\org\apache\tomcat\embed\tomcat-embed-websocket\10.1.39\tomcat-embed-websocket-10.1.39.jar;C:\Users\yirab\.m2\repository\org\springframework\spring-web\6.2.5\spring-web-6.2.5.jar;C:\Users\yirab\.m2\repository\org\springframework\spring-beans\6.2.5\spring-beans-6.2.5.jar;C:\Users\yirab\.m2\repository\io\micrometer\micrometer-observation\1.14.5\micrometer-observation-1.14.5.jar;C:\Users\yirab\.m2\repository\io\micrometer\micrometer-commons\1.14.5\micrometer-commons-1.14.5.jar;C:\Users\yirab\.m2\repository\org\springframework\spring-webmvc\6.2.5\spring-webmvc-6.2.5.jar;C:\Users\yirab\.m2\repository\org\springframework\spring-aop\6.2.5\spring-aop-6.2.5.jar;C:\Users\yirab\.m2\repository\org\springframework\spring-context\6.2.5\spring-context-6.2.5.jar;C:\Users\yirab\.m2\repository\org\springframework\spring-expression\6.2.5\spring-expression-6.2.5.jar;C:\Users\yirab\.m2\repository\org\springframework\boot\spring-boot-devtools\3.4.4\spring-boot-devtools-3.4.4.jar;C:\Users\yirab\.m2\repository\org\springframework\boot\spring-boot\3.4.4\spring-boot-3.4.4.jar;C:\Users\yirab\.m2\repository\org\springframework\boot\spring-boot-autoconfigure\3.4.4\spring-boot-autoconfigure-3.4.4.jar;C:\Users\yirab\.m2\repository\org\springframework\spring-core\6.2.5\spring-core-6.2.5.jar;C:\Users\yirab\.m2\repository\org\springframework\spring-jcl\6.2.5\spring-jcl-6.2.5.jar
Launcher Type: SUN_STANDARD

[Global flags]
     intx CICompilerCount                          = 2                                         {product} {ergonomic}
     uint ConcGCThreads                            = 1                                         {product} {ergonomic}
     uint G1ConcRefinementThreads                  = 2                                         {product} {ergonomic}
   size_t G1HeapRegionSize                         = 1048576                                   {product} {ergonomic}
    uintx GCDrainStackTargetSize                   = 64                                        {product} {ergonomic}
   size_t InitialHeapSize                          = 65011712                                  {product} {ergonomic}
   size_t MarkStackSize                            = 4194304                                   {product} {ergonomic}
   size_t MaxHeapSize                              = 1025507328                                {product} {ergonomic}
   size_t MaxNewSize                               = 614465536                                 {product} {ergonomic}
   size_t MinHeapDeltaBytes                        = 1048576                                   {product} {ergonomic}
   size_t MinHeapSize                              = 8388608                                   {product} {ergonomic}
    uintx NonNMethodCodeHeapSize                   = 5826188                                {pd product} {ergonomic}
    uintx NonProfiledCodeHeapSize                  = 122916026                              {pd product} {ergonomic}
    uintx ProfiledCodeHeapSize                     = 122916026                              {pd product} {ergonomic}
    uintx ReservedCodeCacheSize                    = 251658240                              {pd product} {ergonomic}
     bool SegmentedCodeCache                       = true                                      {product} {ergonomic}
     bool ShowCodeDetailsInExceptionMessages       = true                                   {manageable} {command line}
   size_t SoftMaxHeapSize                          = 1025507328                             {manageable} {ergonomic}
     bool UseCompressedOops                        = true                           {product lp64_product} {ergonomic}
     bool UseG1GC                                  = true                                      {product} {ergonomic}
     bool UseLargePagesIndividualAllocation        = false                                  {pd product} {ergonomic}

Logging:
Log output configuration:
 #0: stdout all=warning uptime,level,tags foldmultilines=false
 #1: stderr all=off uptime,level,tags foldmultilines=false

Environment Variables:
PATH=C:\Program Files\Common Files\Oracle\Java\javapath;C:\Program Files (x86)\Common Files\Oracle\Java\java8path;C:\Program Files (x86)\Common Files\Oracle\Java\javapath;C:\windows\system32;C:\windows;C:\windows\System32\Wbem;C:\windows\System32\WindowsPowerShell\v1.0\;C:\windows\System32\OpenSSH\;C:\Program Files\HP\HP One Agent;C:\ProgramData\chocolatey\bin;C:\Program Files\nodejs\;C:\Program Files\tools\apache-maven-3.9.9\bin;C:\Users\yirab\AppData\Local\Microsoft\WindowsApps;C:\Users\yirab\AppData\Roaming\npm;C:\Users\yirab\AppData\Local\Programs\Microsoft VS Code\bin
USERNAME=Gabriela
LANG=es_ES.UTF-8
OS=Windows_NT
PROCESSOR_IDENTIFIER=Intel64 Family 6 Model 122 Stepping 8, GenuineIntel
TMP=C:\Users\yirab\AppData\Local\Temp
TEMP=C:\Users\yirab\AppData\Local\Temp




Periodic native trim disabled

---------------  S Y S T E M  ---------------

OS:
 Windows 11 , 64 bit Build 22000 (10.0.22000.2538)
OS uptime: 4 days 18:56 hours

CPU: total 2 (initial active 2) (2 cores per cpu, 1 threads per core) family 6 model 122 stepping 8 microcode 0x1a, cx8, cmov, fxsr, mmx, 3dnowpref, sse, sse2, sse3, ssse3, sse4.1, sse4.2, popcnt, tsc, tscinvbit, aes, erms, clmul, sha, clflush, clflushopt, rdtscp, rdpid
Processor Information for all 2 processors :
  Max Mhz: 1101, Current Mhz: 1101, Mhz Limit: 1101

Memory: 4k page, system-wide physical 3911M (145M free)
TotalPageFile size 7725M (AvailPageFile size 3M)
current process WorkingSet (physical memory assigned to process): 148M, peak: 149M
current process commit charge ("private bytes"): 173M, peak: 191M

vm_info: Java HotSpot(TM) 64-Bit Server VM (21.0.3+7-LTS-152) for windows-amd64 JRE (21.0.3+7-LTS-152), built on 2024-03-11T17:42:26Z by "mach5one" with MS VC++ 17.6 (VS2022)

END.
